{"timestamp": "2026-04-01T00:00:39+00:00", "level": "ERROR", "service": "log-ingester", "message": "Unexpected nil pointer", "trace_id": "fed987cba321", "host": "log-ingester-pod-4"}
{"timestamp": "2026-04-01T00:03:15+00:00", "level": "WARN", "service": "notification-svc", "message": "Rate limit approaching", "trace_id": "abc123def456", "duration_ms": 1153, "host": "notification-svc-pod-1"}
{"timestamp": "2026-04-01T00:05:49+00:00", "level": "WARN", "service": "scheduler", "message": "Deprecated API endpoint called", "trace_id": "111aaa222bbb", "duration_ms": 354, "host": "scheduler-pod-1"}
{"timestamp": "2026-04-01T00:09:29+00:00", "level": "INFO", "service": "scheduler", "message": "File uploaded successfully", "trace_id": "abc123def456", "duration_ms": 1964, "host": "scheduler-pod-5"}
{"timestamp": "2026-04-01T00:11:57+00:00", "level": "WARN", "service": "search-engine", "message": "Slow query detected (>500ms)", "trace_id": "xyz999zyx000", "duration_ms": 1467, "host": "search-engine-pod-5"}
{"timestamp": "2026-04-01T00:14:40+00:00", "level": "DEBUG", "service": "api-gateway", "message": "Cache miss, fetching from DB", "trace_id": "fed987cba321", "duration_ms": 1751, "host": "api-gateway-pod-3"}
{"timestamp": "2026-04-01T00:17:48+00:00", "level": "INFO", "service": "auth-service", "message": "Search query executed", "trace_id": "xyz999zyx000", "duration_ms": 1599, "host": "auth-service-pod-4"}
{"timestamp": "2026-04-01T00:20:16+00:00", "level": "INFO", "service": "scheduler", "message": "Health check passed", "trace_id": "abc123def456", "duration_ms": 1866, "host": "scheduler-pod-5"}
{"timestamp": "2026-04-01T00:23:34+00:00", "level": "ERROR", "service": "api-gateway", "message": "File not found", "trace_id": "xyz999zyx000", "host": "api-gateway-pod-5"}
{"timestamp": "2026-04-01T00:26:19+00:00", "level": "DEBUG", "service": "log-ingester", "message": "Parsing log line", "trace_id": "111aaa222bbb", "duration_ms": 1500, "host": "log-ingester-pod-3"}
{"timestamp": "2026-04-01T00:29:05+00:00", "level": "DEBUG", "service": "api-gateway", "message": "Cache miss, fetching from DB", "trace_id": "qrs444tuv555", "duration_ms": 1099, "host": "api-gateway-pod-1"}
{"timestamp": "2026-04-01T00:31:57+00:00", "level": "INFO", "service": "notification-svc", "message": "Health check passed", "trace_id": "xyz999zyx000", "duration_ms": 1739, "host": "notification-svc-pod-4"}
{"timestamp": "2026-04-01T00:35:20+00:00", "level": "INFO", "service": "notification-svc", "message": "File uploaded successfully", "trace_id": "qrs444tuv555", "duration_ms": 1951, "host": "notification-svc-pod-4"}
{"timestamp": "2026-04-01T00:37:34+00:00", "level": "INFO", "service": "auth-service", "message": "Request completed", "trace_id": "qrs444tuv555", "duration_ms": 1920, "host": "auth-service-pod-3"}
{"timestamp": "2026-04-01T00:40:21+00:00", "level": "INFO", "service": "log-ingester", "message": "User authenticated", "trace_id": "fed987cba321", "duration_ms": 1275, "host": "log-ingester-pod-3"}
{"timestamp": "2026-04-01T00:43:48+00:00", "level": "ERROR", "service": "api-gateway", "message": "Authentication failed: invalid token", "trace_id": "111aaa222bbb", "host": "api-gateway-pod-4"}
{"timestamp": "2026-04-01T00:46:05+00:00", "level": "INFO", "service": "search-engine", "message": "Log batch ingested", "trace_id": "111aaa222bbb", "duration_ms": 1032, "host": "search-engine-pod-5"}
{"timestamp": "2026-04-01T00:49:03+00:00", "level": "INFO", "service": "notification-svc", "message": "Cache hit", "trace_id": "fed987cba321", "duration_ms": 1845, "host": "notification-svc-pod-1"}
{"timestamp": "2026-04-01T00:52:06+00:00", "level": "DEBUG", "service": "scheduler", "message": "Token validated", "trace_id": "fed987cba321", "duration_ms": 1610, "host": "scheduler-pod-2"}
{"timestamp": "2026-04-01T00:54:50+00:00", "level": "INFO", "service": "auth-service", "message": "Cache hit", "trace_id": "xyz999zyx000", "duration_ms": 1816, "host": "auth-service-pod-2"}
{"timestamp": "2026-04-01T00:58:17+00:00", "level": "DEBUG", "service": "auth-service", "message": "Received heartbeat", "trace_id": "111aaa222bbb", "duration_ms": 1036, "host": "auth-service-pod-2"}
{"timestamp": "2026-04-01T01:00:35+00:00", "level": "INFO", "service": "log-ingester", "message": "Cache hit", "trace_id": "abc123def456", "duration_ms": 355, "host": "log-ingester-pod-3"}
{"timestamp": "2026-04-01T01:04:02+00:00", "level": "DEBUG", "service": "notification-svc", "message": "Connection pool size: 10", "trace_id": "xyz999zyx000", "duration_ms": 154, "host": "notification-svc-pod-5"}
{"timestamp": "2026-04-01T01:06:17+00:00", "level": "INFO", "service": "scheduler", "message": "Health check passed", "trace_id": "111aaa222bbb", "duration_ms": 126, "host": "scheduler-pod-3"}
{"timestamp": "2026-04-01T01:09:01+00:00", "level": "DEBUG", "service": "api-gateway", "message": "Connection pool size: 10", "trace_id": "xyz999zyx000", "duration_ms": 967, "host": "api-gateway-pod-3"}
{"timestamp": "2026-04-01T01:12:16+00:00", "level": "INFO", "service": "auth-service", "message": "Search query executed", "trace_id": "fed987cba321", "duration_ms": 1533, "host": "auth-service-pod-1"}
{"timestamp": "2026-04-01T01:14:59+00:00", "level": "WARN", "service": "log-ingester", "message": "Deprecated API endpoint called", "trace_id": "abc123def456", "duration_ms": 321, "host": "log-ingester-pod-3"}
{"timestamp": "2026-04-01T01:18:09+00:00", "level": "DEBUG", "service": "scheduler", "message": "Token validated", "trace_id": "abc123def456", "duration_ms": 310, "host": "scheduler-pod-4"}
{"timestamp": "2026-04-01T01:20:53+00:00", "level": "INFO", "service": "storage-service", "message": "User authenticated", "trace_id": "xyz999zyx000", "duration_ms": 1242, "host": "storage-service-pod-2"}
{"timestamp": "2026-04-01T01:23:09+00:00", "level": "INFO", "service": "api-gateway", "message": "Health check passed", "trace_id": "111aaa222bbb", "duration_ms": 1453, "host": "api-gateway-pod-3"}
{"timestamp": "2026-04-01T01:26:26+00:00", "level": "INFO", "service": "api-gateway", "message": "Config reloaded", "trace_id": "qrs444tuv555", "duration_ms": 556, "host": "api-gateway-pod-1"}
{"timestamp": "2026-04-01T01:29:52+00:00", "level": "DEBUG", "service": "notification-svc", "message": "Received heartbeat", "trace_id": "111aaa222bbb", "duration_ms": 1463, "host": "notification-svc-pod-3"}
{"timestamp": "2026-04-01T01:31:57+00:00", "level": "DEBUG", "service": "log-ingester", "message": "Parsing log line", "trace_id": "fed987cba321", "duration_ms": 127, "host": "log-ingester-pod-3"}
{"timestamp": "2026-04-01T01:35:07+00:00", "level": "ERROR", "service": "log-ingester", "message": "File not found", "trace_id": "111aaa222bbb", "host": "log-ingester-pod-3"}
{"timestamp": "2026-04-01T01:38:12+00:00", "level": "INFO", "service": "auth-service", "message": "User authenticated", "trace_id": "qrs444tuv555", "duration_ms": 1308, "host": "auth-service-pod-4"}
{"timestamp": "2026-04-01T01:40:22+00:00", "level": "ERROR", "service": "log-ingester", "message": "Authentication failed: invalid token", "trace_id": "abc123def456", "host": "log-ingester-pod-5"}
{"timestamp": "2026-04-01T01:43:51+00:00", "level": "INFO", "service": "log-ingester", "message": "Health check passed", "trace_id": "xyz999zyx000", "duration_ms": 1531, "host": "log-ingester-pod-5"}
{"timestamp": "2026-04-01T01:46:07+00:00", "level": "DEBUG", "service": "search-engine", "message": "Parsing log line", "trace_id": "xyz999zyx000", "duration_ms": 676, "host": "search-engine-pod-4"}
{"timestamp": "2026-04-01T01:49:28+00:00", "level": "INFO", "service": "auth-service", "message": "Search query executed", "trace_id": "qrs444tuv555", "duration_ms": 379, "host": "auth-service-pod-1"}
{"timestamp": "2026-04-01T01:52:44+00:00", "level": "ERROR", "service": "notification-svc", "message": "Authentication failed: invalid token", "trace_id": "fed987cba321", "host": "notification-svc-pod-2"}
{"timestamp": "2026-04-01T01:55:14+00:00", "level": "DEBUG", "service": "notification-svc", "message": "Token validated", "trace_id": "111aaa222bbb", "duration_ms": 516, "host": "notification-svc-pod-1"}
{"timestamp": "2026-04-01T01:57:49+00:00", "level": "INFO", "service": "auth-service", "message": "Connection established", "trace_id": "111aaa222bbb", "duration_ms": 1626, "host": "auth-service-pod-5"}
{"timestamp": "2026-04-01T02:00:26+00:00", "level": "INFO", "service": "notification-svc", "message": "Health check passed", "trace_id": "xyz999zyx000", "duration_ms": 1916, "host": "notification-svc-pod-3"}
{"timestamp": "2026-04-01T02:03:18+00:00", "level": "DEBUG", "service": "scheduler", "message": "Received heartbeat", "trace_id": "qrs444tuv555", "duration_ms": 1816, "host": "scheduler-pod-4"}
{"timestamp": "2026-04-01T02:06:35+00:00", "level": "INFO", "service": "log-ingester", "message": "User authenticated", "trace_id": "qrs444tuv555", "duration_ms": 1208, "host": "log-ingester-pod-4"}
{"timestamp": "2026-04-01T02:09:55+00:00", "level": "INFO", "service": "auth-service", "message": "Health check passed", "trace_id": "abc123def456", "duration_ms": 1025, "host": "auth-service-pod-5"}
{"timestamp": "2026-04-01T02:12:26+00:00", "level": "INFO", "service": "log-ingester", "message": "Cache hit", "trace_id": "qrs444tuv555", "duration_ms": 504, "host": "log-ingester-pod-4"}
{"timestamp": "2026-04-01T02:15:32+00:00", "level": "ERROR", "service": "storage-service", "message": "Timeout waiting for upstream", "trace_id": "abc123def456", "host": "storage-service-pod-2"}
{"timestamp": "2026-04-01T02:18:04+00:00", "level": "DEBUG", "service": "notification-svc", "message": "Processing request body", "trace_id": "qrs444tuv555", "duration_ms": 760, "host": "notification-svc-pod-2"}
{"timestamp": "2026-04-01T02:20:32+00:00", "level": "INFO", "service": "storage-service", "message": "File uploaded successfully", "trace_id": "111aaa222bbb", "duration_ms": 639, "host": "storage-service-pod-1"}
{"timestamp": "2026-04-01T02:24:19+00:00", "level": "INFO", "service": "log-ingester", "message": "Connection established", "trace_id": "qrs444tuv555", "duration_ms": 1094, "host": "log-ingester-pod-1"}
{"timestamp": "2026-04-01T02:26:55+00:00", "level": "INFO", "service": "notification-svc", "message": "Health check passed", "trace_id": "fed987cba321", "duration_ms": 209, "host": "notification-svc-pod-4"}
{"timestamp": "2026-04-01T02:29:23+00:00", "level": "INFO", "service": "notification-svc", "message": "User authenticated", "trace_id": "xyz999zyx000", "duration_ms": 728, "host": "notification-svc-pod-2"}
{"timestamp": "2026-04-01T02:32:33+00:00", "level": "INFO", "service": "log-ingester", "message": "Cache hit", "trace_id": "111aaa222bbb", "duration_ms": 275, "host": "log-ingester-pod-1"}
{"timestamp": "2026-04-01T02:35:33+00:00", "level": "DEBUG", "service": "auth-service", "message": "Cache miss, fetching from DB", "trace_id": "abc123def456", "duration_ms": 942, "host": "auth-service-pod-5"}
{"timestamp": "2026-04-01T02:38:27+00:00", "level": "WARN", "service": "storage-service", "message": "Slow query detected (>500ms)", "trace_id": "abc123def456", "duration_ms": 733, "host": "storage-service-pod-2"}
{"timestamp": "2026-04-01T02:41:15+00:00", "level": "INFO", "service": "storage-service", "message": "Connection established", "trace_id": "qrs444tuv555", "duration_ms": 1595, "host": "storage-service-pod-3"}
{"timestamp": "2026-04-01T02:43:32+00:00", "level": "ERROR", "service": "api-gateway", "message": "Failed to parse log entry", "trace_id": "111aaa222bbb", "host": "api-gateway-pod-1"}
{"timestamp": "2026-04-01T02:46:49+00:00", "level": "DEBUG", "service": "notification-svc", "message": "Cache miss, fetching from DB", "trace_id": "xyz999zyx000", "duration_ms": 720, "host": "notification-svc-pod-1"}
{"timestamp": "2026-04-01T02:49:24+00:00", "level": "INFO", "service": "log-ingester", "message": "Health check passed", "trace_id": "111aaa222bbb", "duration_ms": 247, "host": "log-ingester-pod-5"}
{"timestamp": "2026-04-01T02:52:16+00:00", "level": "ERROR", "service": "search-engine", "message": "File not found", "trace_id": "fed987cba321", "host": "search-engine-pod-3"}
{"timestamp": "2026-04-01T02:55:21+00:00", "level": "INFO", "service": "api-gateway", "message": "Log batch ingested", "trace_id": "fed987cba321", "duration_ms": 1117, "host": "api-gateway-pod-3"}
{"timestamp": "2026-04-01T02:58:19+00:00", "level": "WARN", "service": "auth-service", "message": "Deprecated API endpoint called", "trace_id": "qrs444tuv555", "duration_ms": 1100, "host": "auth-service-pod-2"}
{"timestamp": "2026-04-01T03:01:16+00:00", "level": "ERROR", "service": "auth-service", "message": "Unexpected nil pointer", "trace_id": "xyz999zyx000", "host": "auth-service-pod-2"}
{"timestamp": "2026-04-01T03:04:14+00:00", "level": "WARN", "service": "notification-svc", "message": "Retry attempt 1/3", "trace_id": "xyz999zyx000", "duration_ms": 1477, "host": "notification-svc-pod-5"}
{"timestamp": "2026-04-01T03:07:15+00:00", "level": "INFO", "service": "api-gateway", "message": "Request completed", "trace_id": "xyz999zyx000", "duration_ms": 8, "host": "api-gateway-pod-3"}
{"timestamp": "2026-04-01T03:10:01+00:00", "level": "WARN", "service": "storage-service", "message": "Deprecated API endpoint called", "trace_id": "111aaa222bbb", "duration_ms": 819, "host": "storage-service-pod-1"}
{"timestamp": "2026-04-01T03:12:17+00:00", "level": "DEBUG", "service": "api-gateway", "message": "Parsing log line", "trace_id": "abc123def456", "duration_ms": 1862, "host": "api-gateway-pod-4"}
{"timestamp": "2026-04-01T03:15:42+00:00", "level": "INFO", "service": "search-engine", "message": "Cache hit", "trace_id": "abc123def456", "duration_ms": 421, "host": "search-engine-pod-5"}
{"timestamp": "2026-04-01T03:18:37+00:00", "level": "INFO", "service": "search-engine", "message": "Search query executed", "trace_id": "xyz999zyx000", "duration_ms": 1436, "host": "search-engine-pod-5"}
{"timestamp": "2026-04-01T03:21:21+00:00", "level": "INFO", "service": "auth-service", "message": "Request completed", "trace_id": "fed987cba321", "duration_ms": 293, "host": "auth-service-pod-4"}
{"timestamp": "2026-04-01T03:24:21+00:00", "level": "INFO", "service": "log-ingester", "message": "Request completed", "trace_id": "abc123def456", "duration_ms": 1989, "host": "log-ingester-pod-5"}
{"timestamp": "2026-04-01T03:26:52+00:00", "level": "INFO", "service": "log-ingester", "message": "User authenticated", "trace_id": "qrs444tuv555", "duration_ms": 1366, "host": "log-ingester-pod-3"}
{"timestamp": "2026-04-01T03:30:02+00:00", "level": "DEBUG", "service": "api-gateway", "message": "Received heartbeat", "trace_id": "abc123def456", "duration_ms": 1794, "host": "api-gateway-pod-4"}
{"timestamp": "2026-04-01T03:32:21+00:00", "level": "ERROR", "service": "api-gateway", "message": "Unexpected nil pointer", "trace_id": "111aaa222bbb", "host": "api-gateway-pod-4"}
{"timestamp": "2026-04-01T03:35:49+00:00", "level": "WARN", "service": "scheduler", "message": "High memory usage: 85%", "trace_id": "fed987cba321", "duration_ms": 1517, "host": "scheduler-pod-2"}
{"timestamp": "2026-04-01T03:38:52+00:00", "level": "INFO", "service": "notification-svc", "message": "Search query executed", "trace_id": "qrs444tuv555", "duration_ms": 1573, "host": "notification-svc-pod-1"}
{"timestamp": "2026-04-01T03:41:16+00:00", "level": "DEBUG", "service": "api-gateway", "message": "Token validated", "trace_id": "qrs444tuv555", "duration_ms": 614, "host": "api-gateway-pod-5"}
{"timestamp": "2026-04-01T03:44:30+00:00", "level": "INFO", "service": "scheduler", "message": "Log batch ingested", "trace_id": "abc123def456", "duration_ms": 452, "host": "scheduler-pod-3"}
{"timestamp": "2026-04-01T03:46:54+00:00", "level": "INFO", "service": "log-ingester", "message": "Log batch ingested", "trace_id": "fed987cba321", "duration_ms": 1352, "host": "log-ingester-pod-5"}
{"timestamp": "2026-04-01T03:49:58+00:00", "level": "ERROR", "service": "storage-service", "message": "Timeout waiting for upstream", "trace_id": "qrs444tuv555", "host": "storage-service-pod-5"}
{"timestamp": "2026-04-01T03:52:12+00:00", "level": "ERROR", "service": "auth-service", "message": "Authentication failed: invalid token", "trace_id": "qrs444tuv555", "host": "auth-service-pod-2"}
{"timestamp": "2026-04-01T03:55:56+00:00", "level": "INFO", "service": "scheduler", "message": "User authenticated", "trace_id": "xyz999zyx000", "duration_ms": 447, "host": "scheduler-pod-5"}
{"timestamp": "2026-04-01T03:58:03+00:00", "level": "WARN", "service": "search-engine", "message": "Disk usage >80%", "trace_id": "111aaa222bbb", "duration_ms": 1784, "host": "search-engine-pod-3"}
{"timestamp": "2026-04-01T04:01:34+00:00", "level": "ERROR", "service": "storage-service", "message": "File not found", "trace_id": "qrs444tuv555", "host": "storage-service-pod-3"}
{"timestamp": "2026-04-01T04:04:02+00:00", "level": "ERROR", "service": "storage-service", "message": "Authentication failed: invalid token", "trace_id": "abc123def456", "host": "storage-service-pod-1"}
{"timestamp": "2026-04-01T04:06:40+00:00", "level": "INFO", "service": "api-gateway", "message": "User authenticated", "trace_id": "qrs444tuv555", "duration_ms": 983, "host": "api-gateway-pod-5"}
{"timestamp": "2026-04-01T04:09:37+00:00", "level": "INFO", "service": "notification-svc", "message": "User authenticated", "trace_id": "111aaa222bbb", "duration_ms": 1736, "host": "notification-svc-pod-2"}
{"timestamp": "2026-04-01T04:12:41+00:00", "level": "DEBUG", "service": "log-ingester", "message": "Received heartbeat", "trace_id": "fed987cba321", "duration_ms": 1505, "host": "log-ingester-pod-1"}
{"timestamp": "2026-04-01T04:15:16+00:00", "level": "DEBUG", "service": "scheduler", "message": "Processing request body", "trace_id": "abc123def456", "duration_ms": 1574, "host": "scheduler-pod-2"}
{"timestamp": "2026-04-01T04:18:32+00:00", "level": "ERROR", "service": "api-gateway", "message": "Unexpected nil pointer", "trace_id": "fed987cba321", "host": "api-gateway-pod-2"}
{"timestamp": "2026-04-01T04:21:11+00:00", "level": "INFO", "service": "search-engine", "message": "Log batch ingested", "trace_id": "fed987cba321", "duration_ms": 828, "host": "search-engine-pod-4"}
{"timestamp": "2026-04-01T04:24:40+00:00", "level": "DEBUG", "service": "log-ingester", "message": "Processing request body", "trace_id": "xyz999zyx000", "duration_ms": 558, "host": "log-ingester-pod-1"}
{"timestamp": "2026-04-01T04:26:54+00:00", "level": "INFO", "service": "scheduler", "message": "Search query executed", "trace_id": "fed987cba321", "duration_ms": 1138, "host": "scheduler-pod-2"}
{"timestamp": "2026-04-01T04:29:39+00:00", "level": "ERROR", "service": "notification-svc", "message": "Failed to parse log entry", "trace_id": "fed987cba321", "host": "notification-svc-pod-1"}
{"timestamp": "2026-04-01T04:32:23+00:00", "level": "ERROR", "service": "storage-service", "message": "Database connection failed", "trace_id": "111aaa222bbb", "host": "storage-service-pod-1"}
{"timestamp": "2026-04-01T04:35:20+00:00", "level": "WARN", "service": "search-engine", "message": "Deprecated API endpoint called", "trace_id": "qrs444tuv555", "duration_ms": 195, "host": "search-engine-pod-4"}
{"timestamp": "2026-04-01T04:38:58+00:00", "level": "INFO", "service": "api-gateway", "message": "Connection established", "trace_id": "fed987cba321", "duration_ms": 958, "host": "api-gateway-pod-5"}
{"timestamp": "2026-04-01T04:41:07+00:00", "level": "DEBUG", "service": "search-engine", "message": "Parsing log line", "trace_id": "fed987cba321", "duration_ms": 1822, "host": "search-engine-pod-3"}
{"timestamp": "2026-04-01T04:44:47+00:00", "level": "DEBUG", "service": "auth-service", "message": "Received heartbeat", "trace_id": "111aaa222bbb", "duration_ms": 1099, "host": "auth-service-pod-3"}
{"timestamp": "2026-04-01T04:47:27+00:00", "level": "WARN", "service": "storage-service", "message": "Retry attempt 1/3", "trace_id": "xyz999zyx000", "duration_ms": 475, "host": "storage-service-pod-5"}
{"timestamp": "2026-04-01T04:50:07+00:00", "level": "INFO", "service": "log-ingester", "message": "Request completed", "trace_id": "xyz999zyx000", "duration_ms": 639, "host": "log-ingester-pod-4"}
{"timestamp": "2026-04-01T04:53:14+00:00", "level": "INFO", "service": "notification-svc", "message": "Connection established", "trace_id": "fed987cba321", "duration_ms": 545, "host": "notification-svc-pod-5"}
{"timestamp": "2026-04-01T04:55:37+00:00", "level": "INFO", "service": "scheduler", "message": "Config reloaded", "trace_id": "qrs444tuv555", "duration_ms": 391, "host": "scheduler-pod-3"}
{"timestamp": "2026-04-01T04:58:57+00:00", "level": "INFO", "service": "scheduler", "message": "Search query executed", "trace_id": "111aaa222bbb", "duration_ms": 205, "host": "scheduler-pod-5"}
{"timestamp": "2026-04-01T05:01:31+00:00", "level": "INFO", "service": "scheduler", "message": "Request completed", "trace_id": "xyz999zyx000", "duration_ms": 137, "host": "scheduler-pod-1"}
{"timestamp": "2026-04-01T05:04:24+00:00", "level": "DEBUG", "service": "api-gateway", "message": "Parsing log line", "trace_id": "qrs444tuv555", "duration_ms": 1678, "host": "api-gateway-pod-4"}
{"timestamp": "2026-04-01T05:07:44+00:00", "level": "INFO", "service": "scheduler", "message": "Search query executed", "trace_id": "qrs444tuv555", "duration_ms": 1735, "host": "scheduler-pod-3"}
{"timestamp": "2026-04-01T05:10:06+00:00", "level": "INFO", "service": "auth-service", "message": "File uploaded successfully", "trace_id": "111aaa222bbb", "duration_ms": 112, "host": "auth-service-pod-2"}
{"timestamp": "2026-04-01T05:12:37+00:00", "level": "WARN", "service": "auth-service", "message": "Deprecated API endpoint called", "trace_id": "xyz999zyx000", "duration_ms": 339, "host": "auth-service-pod-5"}
{"timestamp": "2026-04-01T05:16:05+00:00", "level": "DEBUG", "service": "search-engine", "message": "Parsing log line", "trace_id": "abc123def456", "duration_ms": 1618, "host": "search-engine-pod-5"}
{"timestamp": "2026-04-01T05:18:16+00:00", "level": "ERROR", "service": "storage-service", "message": "File not found", "trace_id": "fed987cba321", "host": "storage-service-pod-2"}
{"timestamp": "2026-04-01T05:21:48+00:00", "level": "INFO", "service": "log-ingester", "message": "Log batch ingested", "trace_id": "xyz999zyx000", "duration_ms": 241, "host": "log-ingester-pod-5"}
{"timestamp": "2026-04-01T05:24:10+00:00", "level": "WARN", "service": "search-engine", "message": "Retry attempt 1/3", "trace_id": "abc123def456", "duration_ms": 140, "host": "search-engine-pod-5"}
{"timestamp": "2026-04-01T05:27:36+00:00", "level": "DEBUG", "service": "storage-service", "message": "Cache miss, fetching from DB", "trace_id": "111aaa222bbb", "duration_ms": 1873, "host": "storage-service-pod-4"}
{"timestamp": "2026-04-01T05:30:21+00:00", "level": "INFO", "service": "search-engine", "message": "Connection established", "trace_id": "fed987cba321", "duration_ms": 1689, "host": "search-engine-pod-1"}
{"timestamp": "2026-04-01T05:32:39+00:00", "level": "INFO", "service": "search-engine", "message": "Request completed", "trace_id": "abc123def456", "duration_ms": 1073, "host": "search-engine-pod-1"}
{"timestamp": "2026-04-01T05:35:36+00:00", "level": "DEBUG", "service": "storage-service", "message": "Cache miss, fetching from DB", "trace_id": "abc123def456", "duration_ms": 1004, "host": "storage-service-pod-5"}
{"timestamp": "2026-04-01T05:39:00+00:00", "level": "INFO", "service": "api-gateway", "message": "Connection established", "trace_id": "xyz999zyx000", "duration_ms": 1581, "host": "api-gateway-pod-1"}
{"timestamp": "2026-04-01T05:42:04+00:00", "level": "WARN", "service": "search-engine", "message": "Slow query detected (>500ms)", "trace_id": "qrs444tuv555", "duration_ms": 1305, "host": "search-engine-pod-2"}
{"timestamp": "2026-04-01T05:44:41+00:00", "level": "WARN", "service": "log-ingester", "message": "High memory usage: 85%", "trace_id": "fed987cba321", "duration_ms": 1983, "host": "log-ingester-pod-3"}
{"timestamp": "2026-04-01T05:47:11+00:00", "level": "INFO", "service": "storage-service", "message": "Search query executed", "trace_id": "abc123def456", "duration_ms": 984, "host": "storage-service-pod-1"}
{"timestamp": "2026-04-01T05:50:32+00:00", "level": "ERROR", "service": "storage-service", "message": "Timeout waiting for upstream", "trace_id": "abc123def456", "host": "storage-service-pod-5"}
{"timestamp": "2026-04-01T05:53:32+00:00", "level": "WARN", "service": "auth-service", "message": "Slow query detected (>500ms)", "trace_id": "111aaa222bbb", "duration_ms": 1793, "host": "auth-service-pod-5"}
{"timestamp": "2026-04-01T05:56:04+00:00", "level": "INFO", "service": "auth-service", "message": "Request completed", "trace_id": "111aaa222bbb", "duration_ms": 1219, "host": "auth-service-pod-1"}
{"timestamp": "2026-04-01T05:58:34+00:00", "level": "WARN", "service": "api-gateway", "message": "High memory usage: 85%", "trace_id": "qrs444tuv555", "duration_ms": 962, "host": "api-gateway-pod-1"}
{"timestamp": "2026-04-01T06:01:22+00:00", "level": "INFO", "service": "storage-service", "message": "Request completed", "trace_id": "fed987cba321", "duration_ms": 452, "host": "storage-service-pod-2"}
{"timestamp": "2026-04-01T06:04:38+00:00", "level": "INFO", "service": "api-gateway", "message": "Request completed", "trace_id": "fed987cba321", "duration_ms": 1638, "host": "api-gateway-pod-4"}
{"timestamp": "2026-04-01T06:07:15+00:00", "level": "ERROR", "service": "api-gateway", "message": "Authentication failed: invalid token", "trace_id": "abc123def456", "host": "api-gateway-pod-3"}
{"timestamp": "2026-04-01T06:10:27+00:00", "level": "INFO", "service": "search-engine", "message": "Request completed", "trace_id": "qrs444tuv555", "duration_ms": 12, "host": "search-engine-pod-1"}
{"timestamp": "2026-04-01T06:12:55+00:00", "level": "INFO", "service": "search-engine", "message": "Config reloaded", "trace_id": "qrs444tuv555", "duration_ms": 1773, "host": "search-engine-pod-5"}
{"timestamp": "2026-04-01T06:15:57+00:00", "level": "DEBUG", "service": "notification-svc", "message": "Token validated", "trace_id": "abc123def456", "duration_ms": 1446, "host": "notification-svc-pod-4"}
{"timestamp": "2026-04-01T06:19:16+00:00", "level": "INFO", "service": "api-gateway", "message": "Search query executed", "trace_id": "abc123def456", "duration_ms": 813, "host": "api-gateway-pod-5"}
{"timestamp": "2026-04-01T06:21:51+00:00", "level": "DEBUG", "service": "search-engine", "message": "Parsing log line", "trace_id": "111aaa222bbb", "duration_ms": 838, "host": "search-engine-pod-1"}
{"timestamp": "2026-04-01T06:24:37+00:00", "level": "INFO", "service": "notification-svc", "message": "Connection established", "trace_id": "111aaa222bbb", "duration_ms": 363, "host": "notification-svc-pod-2"}
{"timestamp": "2026-04-01T06:27:16+00:00", "level": "WARN", "service": "notification-svc", "message": "Slow query detected (>500ms)", "trace_id": "111aaa222bbb", "duration_ms": 79, "host": "notification-svc-pod-3"}
{"timestamp": "2026-04-01T06:30:06+00:00", "level": "INFO", "service": "scheduler", "message": "User authenticated", "trace_id": "abc123def456", "duration_ms": 1404, "host": "scheduler-pod-3"}
{"timestamp": "2026-04-01T06:33:23+00:00", "level": "INFO", "service": "scheduler", "message": "Search query executed", "trace_id": "abc123def456", "duration_ms": 1725, "host": "scheduler-pod-4"}
{"timestamp": "2026-04-01T06:36:10+00:00", "level": "WARN", "service": "api-gateway", "message": "Disk usage >80%", "trace_id": "xyz999zyx000", "duration_ms": 954, "host": "api-gateway-pod-5"}
{"timestamp": "2026-04-01T06:39:25+00:00", "level": "ERROR", "service": "api-gateway", "message": "Unexpected nil pointer", "trace_id": "qrs444tuv555", "host": "api-gateway-pod-5"}
{"timestamp": "2026-04-01T06:42:16+00:00", "level": "INFO", "service": "api-gateway", "message": "Health check passed", "trace_id": "abc123def456", "duration_ms": 176, "host": "api-gateway-pod-5"}
{"timestamp": "2026-04-01T06:44:40+00:00", "level": "INFO", "service": "log-ingester", "message": "Search query executed", "trace_id": "111aaa222bbb", "duration_ms": 221, "host": "log-ingester-pod-4"}
{"timestamp": "2026-04-01T06:47:54+00:00", "level": "ERROR", "service": "scheduler", "message": "Timeout waiting for upstream", "trace_id": "xyz999zyx000", "host": "scheduler-pod-3"}
{"timestamp": "2026-04-01T06:50:33+00:00", "level": "DEBUG", "service": "scheduler", "message": "Processing request body", "trace_id": "111aaa222bbb", "duration_ms": 756, "host": "scheduler-pod-4"}
{"timestamp": "2026-04-01T06:53:25+00:00", "level": "DEBUG", "service": "api-gateway", "message": "Parsing log line", "trace_id": "abc123def456", "duration_ms": 200, "host": "api-gateway-pod-3"}
{"timestamp": "2026-04-01T06:56:28+00:00", "level": "WARN", "service": "notification-svc", "message": "Slow query detected (>500ms)", "trace_id": "xyz999zyx000", "duration_ms": 1712, "host": "notification-svc-pod-1"}
{"timestamp": "2026-04-01T06:58:34+00:00", "level": "INFO", "service": "scheduler", "message": "Search query executed", "trace_id": "xyz999zyx000", "duration_ms": 1676, "host": "scheduler-pod-1"}
{"timestamp": "2026-04-01T07:01:51+00:00", "level": "INFO", "service": "search-engine", "message": "User authenticated", "trace_id": "xyz999zyx000", "duration_ms": 1297, "host": "search-engine-pod-2"}
{"timestamp": "2026-04-01T07:04:49+00:00", "level": "ERROR", "service": "scheduler", "message": "Authentication failed: invalid token", "trace_id": "abc123def456", "host": "scheduler-pod-1"}
{"timestamp": "2026-04-01T07:07:27+00:00", "level": "INFO", "service": "api-gateway", "message": "Config reloaded", "trace_id": "qrs444tuv555", "duration_ms": 66, "host": "api-gateway-pod-3"}
{"timestamp": "2026-04-01T07:10:00+00:00", "level": "WARN", "service": "notification-svc", "message": "High memory usage: 85%", "trace_id": "fed987cba321", "duration_ms": 462, "host": "notification-svc-pod-5"}
{"timestamp": "2026-04-01T07:13:02+00:00", "level": "INFO", "service": "api-gateway", "message": "Log batch ingested", "trace_id": "xyz999zyx000", "duration_ms": 1268, "host": "api-gateway-pod-5"}
{"timestamp": "2026-04-01T07:15:58+00:00", "level": "DEBUG", "service": "scheduler", "message": "Received heartbeat", "trace_id": "xyz999zyx000", "duration_ms": 1828, "host": "scheduler-pod-3"}
{"timestamp": "2026-04-01T07:18:51+00:00", "level": "INFO", "service": "search-engine", "message": "Health check passed", "trace_id": "xyz999zyx000", "duration_ms": 1552, "host": "search-engine-pod-1"}
{"timestamp": "2026-04-01T07:22:24+00:00", "level": "INFO", "service": "search-engine", "message": "Search query executed", "trace_id": "abc123def456", "duration_ms": 1182, "host": "search-engine-pod-1"}
{"timestamp": "2026-04-01T07:24:34+00:00", "level": "DEBUG", "service": "api-gateway", "message": "Received heartbeat", "trace_id": "abc123def456", "duration_ms": 915, "host": "api-gateway-pod-1"}
{"timestamp": "2026-04-01T07:27:50+00:00", "level": "INFO", "service": "auth-service", "message": "Log batch ingested", "trace_id": "abc123def456", "duration_ms": 1944, "host": "auth-service-pod-3"}
{"timestamp": "2026-04-01T07:30:45+00:00", "level": "DEBUG", "service": "log-ingester", "message": "Processing request body", "trace_id": "abc123def456", "duration_ms": 1088, "host": "log-ingester-pod-5"}
{"timestamp": "2026-04-01T07:33:40+00:00", "level": "INFO", "service": "auth-service", "message": "Log batch ingested", "trace_id": "xyz999zyx000", "duration_ms": 610, "host": "auth-service-pod-3"}
{"timestamp": "2026-04-01T07:36:25+00:00", "level": "WARN", "service": "log-ingester", "message": "Retry attempt 1/3", "trace_id": "xyz999zyx000", "duration_ms": 938, "host": "log-ingester-pod-1"}
{"timestamp": "2026-04-01T07:39:40+00:00", "level": "DEBUG", "service": "scheduler", "message": "Cache miss, fetching from DB", "trace_id": "qrs444tuv555", "duration_ms": 1705, "host": "scheduler-pod-5"}
{"timestamp": "2026-04-01T07:42:25+00:00", "level": "INFO", "service": "auth-service", "message": "Log batch ingested", "trace_id": "111aaa222bbb", "duration_ms": 1186, "host": "auth-service-pod-4"}
{"timestamp": "2026-04-01T07:44:24+00:00", "level": "ERROR", "service": "search-engine", "message": "Failed to parse log entry", "trace_id": "xyz999zyx000", "host": "search-engine-pod-3"}
{"timestamp": "2026-04-01T07:47:18+00:00", "level": "INFO", "service": "notification-svc", "message": "Health check passed", "trace_id": "xyz999zyx000", "duration_ms": 1728, "host": "notification-svc-pod-2"}
{"timestamp": "2026-04-01T07:50:23+00:00", "level": "INFO", "service": "log-ingester", "message": "Cache hit", "trace_id": "qrs444tuv555", "duration_ms": 1877, "host": "log-ingester-pod-3"}
{"timestamp": "2026-04-01T07:53:24+00:00", "level": "ERROR", "service": "auth-service", "message": "File not found", "trace_id": "xyz999zyx000", "host": "auth-service-pod-1"}
{"timestamp": "2026-04-01T07:56:41+00:00", "level": "DEBUG", "service": "api-gateway", "message": "Received heartbeat", "trace_id": "qrs444tuv555", "duration_ms": 1706, "host": "api-gateway-pod-5"}
{"timestamp": "2026-04-01T07:59:25+00:00", "level": "DEBUG", "service": "notification-svc", "message": "Cache miss, fetching from DB", "trace_id": "abc123def456", "duration_ms": 1089, "host": "notification-svc-pod-2"}
{"timestamp": "2026-04-01T08:02:20+00:00", "level": "INFO", "service": "log-ingester", "message": "User authenticated", "trace_id": "abc123def456", "duration_ms": 360, "host": "log-ingester-pod-5"}
{"timestamp": "2026-04-01T08:04:44+00:00", "level": "WARN", "service": "search-engine", "message": "High memory usage: 85%", "trace_id": "qrs444tuv555", "duration_ms": 1002, "host": "search-engine-pod-4"}
{"timestamp": "2026-04-01T08:07:37+00:00", "level": "DEBUG", "service": "notification-svc", "message": "Connection pool size: 10", "trace_id": "111aaa222bbb", "duration_ms": 473, "host": "notification-svc-pod-1"}
{"timestamp": "2026-04-01T08:10:35+00:00", "level": "DEBUG", "service": "notification-svc", "message": "Processing request body", "trace_id": "xyz999zyx000", "duration_ms": 525, "host": "notification-svc-pod-3"}
{"timestamp": "2026-04-01T08:13:14+00:00", "level": "INFO", "service": "log-ingester", "message": "Health check passed", "trace_id": "abc123def456", "duration_ms": 752, "host": "log-ingester-pod-1"}
{"timestamp": "2026-04-01T08:16:50+00:00", "level": "INFO", "service": "storage-service", "message": "File uploaded successfully", "trace_id": "qrs444tuv555", "duration_ms": 1323, "host": "storage-service-pod-2"}
{"timestamp": "2026-04-01T08:19:34+00:00", "level": "INFO", "service": "search-engine", "message": "User authenticated", "trace_id": "111aaa222bbb", "duration_ms": 1337, "host": "search-engine-pod-1"}
{"timestamp": "2026-04-01T08:22:20+00:00", "level": "WARN", "service": "auth-service", "message": "Slow query detected (>500ms)", "trace_id": "111aaa222bbb", "duration_ms": 663, "host": "auth-service-pod-4"}
{"timestamp": "2026-04-01T08:25:18+00:00", "level": "INFO", "service": "log-ingester", "message": "Request completed", "trace_id": "abc123def456", "duration_ms": 459, "host": "log-ingester-pod-1"}
{"timestamp": "2026-04-01T08:28:22+00:00", "level": "DEBUG", "service": "search-engine", "message": "Processing request body", "trace_id": "xyz999zyx000", "duration_ms": 37, "host": "search-engine-pod-1"}
{"timestamp": "2026-04-01T08:31:14+00:00", "level": "INFO", "service": "auth-service", "message": "File uploaded successfully", "trace_id": "abc123def456", "duration_ms": 1018, "host": "auth-service-pod-5"}
{"timestamp": "2026-04-01T08:33:46+00:00", "level": "WARN", "service": "search-engine", "message": "Rate limit approaching", "trace_id": "fed987cba321", "duration_ms": 633, "host": "search-engine-pod-5"}
{"timestamp": "2026-04-01T08:36:14+00:00", "level": "DEBUG", "service": "scheduler", "message": "Parsing log line", "trace_id": "fed987cba321", "duration_ms": 68, "host": "scheduler-pod-4"}
{"timestamp": "2026-04-01T08:39:21+00:00", "level": "DEBUG", "service": "search-engine", "message": "Parsing log line", "trace_id": "xyz999zyx000", "duration_ms": 1401, "host": "search-engine-pod-4"}
{"timestamp": "2026-04-01T08:41:46+00:00", "level": "INFO", "service": "api-gateway", "message": "User authenticated", "trace_id": "abc123def456", "duration_ms": 810, "host": "api-gateway-pod-3"}
{"timestamp": "2026-04-01T08:44:49+00:00", "level": "INFO", "service": "log-ingester", "message": "Config reloaded", "trace_id": "qrs444tuv555", "duration_ms": 1268, "host": "log-ingester-pod-1"}
{"timestamp": "2026-04-01T08:48:14+00:00", "level": "DEBUG", "service": "auth-service", "message": "Processing request body", "trace_id": "xyz999zyx000", "duration_ms": 19, "host": "auth-service-pod-1"}
{"timestamp": "2026-04-01T08:50:47+00:00", "level": "DEBUG", "service": "auth-service", "message": "Cache miss, fetching from DB", "trace_id": "abc123def456", "duration_ms": 1769, "host": "auth-service-pod-3"}
{"timestamp": "2026-04-01T08:53:20+00:00", "level": "DEBUG", "service": "search-engine", "message": "Cache miss, fetching from DB", "trace_id": "abc123def456", "duration_ms": 11, "host": "search-engine-pod-2"}
{"timestamp": "2026-04-01T08:56:24+00:00", "level": "INFO", "service": "notification-svc", "message": "Request completed", "trace_id": "xyz999zyx000", "duration_ms": 176, "host": "notification-svc-pod-3"}
{"timestamp": "2026-04-01T08:59:52+00:00", "level": "DEBUG", "service": "log-ingester", "message": "Processing request body", "trace_id": "qrs444tuv555", "duration_ms": 1124, "host": "log-ingester-pod-3"}
{"timestamp": "2026-04-01T09:02:40+00:00", "level": "INFO", "service": "scheduler", "message": "Request completed", "trace_id": "abc123def456", "duration_ms": 1915, "host": "scheduler-pod-2"}
{"timestamp": "2026-04-01T09:05:18+00:00", "level": "INFO", "service": "auth-service", "message": "Request completed", "trace_id": "111aaa222bbb", "duration_ms": 1856, "host": "auth-service-pod-4"}
{"timestamp": "2026-04-01T09:08:13+00:00", "level": "INFO", "service": "scheduler", "message": "File uploaded successfully", "trace_id": "qrs444tuv555", "duration_ms": 380, "host": "scheduler-pod-4"}
{"timestamp": "2026-04-01T09:10:26+00:00", "level": "DEBUG", "service": "scheduler", "message": "Connection pool size: 10", "trace_id": "fed987cba321", "duration_ms": 1477, "host": "scheduler-pod-5"}
{"timestamp": "2026-04-01T09:13:32+00:00", "level": "DEBUG", "service": "scheduler", "message": "Parsing log line", "trace_id": "qrs444tuv555", "duration_ms": 1785, "host": "scheduler-pod-5"}
{"timestamp": "2026-04-01T09:16:35+00:00", "level": "DEBUG", "service": "storage-service", "message": "Connection pool size: 10", "trace_id": "abc123def456", "duration_ms": 1553, "host": "storage-service-pod-1"}
{"timestamp": "2026-04-01T09:19:58+00:00", "level": "WARN", "service": "scheduler", "message": "Slow query detected (>500ms)", "trace_id": "xyz999zyx000", "duration_ms": 113, "host": "scheduler-pod-4"}
{"timestamp": "2026-04-01T09:22:09+00:00", "level": "INFO", "service": "log-ingester", "message": "File uploaded successfully", "trace_id": "111aaa222bbb", "duration_ms": 805, "host": "log-ingester-pod-3"}
{"timestamp": "2026-04-01T09:25:39+00:00", "level": "INFO", "service": "notification-svc", "message": "Config reloaded", "trace_id": "qrs444tuv555", "duration_ms": 1185, "host": "notification-svc-pod-4"}
{"timestamp": "2026-04-01T09:28:25+00:00", "level": "WARN", "service": "api-gateway", "message": "Disk usage >80%", "trace_id": "qrs444tuv555", "duration_ms": 1143, "host": "api-gateway-pod-2"}
{"timestamp": "2026-04-01T09:31:09+00:00", "level": "INFO", "service": "log-ingester", "message": "Health check passed", "trace_id": "qrs444tuv555", "duration_ms": 266, "host": "log-ingester-pod-5"}
{"timestamp": "2026-04-01T09:33:22+00:00", "level": "DEBUG", "service": "storage-service", "message": "Received heartbeat", "trace_id": "111aaa222bbb", "duration_ms": 1607, "host": "storage-service-pod-4"}
{"timestamp": "2026-04-01T09:36:41+00:00", "level": "DEBUG", "service": "auth-service", "message": "Processing request body", "trace_id": "qrs444tuv555", "duration_ms": 357, "host": "auth-service-pod-3"}
{"timestamp": "2026-04-01T09:39:41+00:00", "level": "DEBUG", "service": "notification-svc", "message": "Parsing log line", "trace_id": "abc123def456", "duration_ms": 1182, "host": "notification-svc-pod-5"}
{"timestamp": "2026-04-01T09:42:29+00:00", "level": "INFO", "service": "log-ingester", "message": "Search query executed", "trace_id": "abc123def456", "duration_ms": 734, "host": "log-ingester-pod-2"}
{"timestamp": "2026-04-01T09:45:14+00:00", "level": "DEBUG", "service": "auth-service", "message": "Processing request body", "trace_id": "qrs444tuv555", "duration_ms": 1576, "host": "auth-service-pod-1"}
{"timestamp": "2026-04-01T09:48:31+00:00", "level": "DEBUG", "service": "storage-service", "message": "Cache miss, fetching from DB", "trace_id": "111aaa222bbb", "duration_ms": 186, "host": "storage-service-pod-1"}
{"timestamp": "2026-04-01T09:50:41+00:00", "level": "ERROR", "service": "notification-svc", "message": "Authentication failed: invalid token", "trace_id": "111aaa222bbb", "host": "notification-svc-pod-5"}
{"timestamp": "2026-04-01T09:54:07+00:00", "level": "INFO", "service": "search-engine", "message": "Search query executed", "trace_id": "xyz999zyx000", "duration_ms": 1152, "host": "search-engine-pod-4"}
{"timestamp": "2026-04-01T09:57:14+00:00", "level": "INFO", "service": "notification-svc", "message": "Log batch ingested", "trace_id": "abc123def456", "duration_ms": 1948, "host": "notification-svc-pod-4"}
{"timestamp": "2026-04-01T09:59:17+00:00", "level": "ERROR", "service": "storage-service", "message": "Failed to parse log entry", "trace_id": "qrs444tuv555", "host": "storage-service-pod-1"}
{"timestamp": "2026-04-01T10:02:44+00:00", "level": "INFO", "service": "notification-svc", "message": "Search query executed", "trace_id": "xyz999zyx000", "duration_ms": 1058, "host": "notification-svc-pod-3"}
{"timestamp": "2026-04-01T10:05:36+00:00", "level": "INFO", "service": "notification-svc", "message": "Health check passed", "trace_id": "111aaa222bbb", "duration_ms": 230, "host": "notification-svc-pod-4"}
{"timestamp": "2026-04-01T10:08:37+00:00", "level": "DEBUG", "service": "notification-svc", "message": "Received heartbeat", "trace_id": "qrs444tuv555", "duration_ms": 283, "host": "notification-svc-pod-2"}
{"timestamp": "2026-04-01T10:10:40+00:00", "level": "INFO", "service": "api-gateway", "message": "File uploaded successfully", "trace_id": "111aaa222bbb", "duration_ms": 1040, "host": "api-gateway-pod-2"}
{"timestamp": "2026-04-01T10:13:46+00:00", "level": "ERROR", "service": "log-ingester", "message": "Failed to parse log entry", "trace_id": "111aaa222bbb", "host": "log-ingester-pod-5"}
{"timestamp": "2026-04-01T10:17:02+00:00", "level": "DEBUG", "service": "notification-svc", "message": "Parsing log line", "trace_id": "abc123def456", "duration_ms": 319, "host": "notification-svc-pod-4"}
{"timestamp": "2026-04-01T10:20:12+00:00", "level": "ERROR", "service": "search-engine", "message": "Failed to parse log entry", "trace_id": "fed987cba321", "host": "search-engine-pod-2"}
{"timestamp": "2026-04-01T10:22:22+00:00", "level": "INFO", "service": "search-engine", "message": "Health check passed", "trace_id": "111aaa222bbb", "duration_ms": 1406, "host": "search-engine-pod-2"}
{"timestamp": "2026-04-01T10:25:51+00:00", "level": "INFO", "service": "log-ingester", "message": "Cache hit", "trace_id": "abc123def456", "duration_ms": 1715, "host": "log-ingester-pod-4"}
{"timestamp": "2026-04-01T10:28:11+00:00", "level": "WARN", "service": "scheduler", "message": "Retry attempt 1/3", "trace_id": "abc123def456", "duration_ms": 77, "host": "scheduler-pod-2"}
{"timestamp": "2026-04-01T10:30:54+00:00", "level": "INFO", "service": "search-engine", "message": "File uploaded successfully", "trace_id": "fed987cba321", "duration_ms": 877, "host": "search-engine-pod-1"}
{"timestamp": "2026-04-01T10:34:23+00:00", "level": "WARN", "service": "search-engine", "message": "Slow query detected (>500ms)", "trace_id": "qrs444tuv555", "duration_ms": 596, "host": "search-engine-pod-2"}
{"timestamp": "2026-04-01T10:37:01+00:00", "level": "INFO", "service": "api-gateway", "message": "User authenticated", "trace_id": "111aaa222bbb", "duration_ms": 964, "host": "api-gateway-pod-1"}
{"timestamp": "2026-04-01T10:39:49+00:00", "level": "WARN", "service": "search-engine", "message": "Slow query detected (>500ms)", "trace_id": "abc123def456", "duration_ms": 1997, "host": "search-engine-pod-4"}
{"timestamp": "2026-04-01T10:42:52+00:00", "level": "ERROR", "service": "notification-svc", "message": "Authentication failed: invalid token", "trace_id": "xyz999zyx000", "host": "notification-svc-pod-1"}
{"timestamp": "2026-04-01T10:45:42+00:00", "level": "WARN", "service": "api-gateway", "message": "Rate limit approaching", "trace_id": "xyz999zyx000", "duration_ms": 297, "host": "api-gateway-pod-1"}
{"timestamp": "2026-04-01T10:48:07+00:00", "level": "INFO", "service": "api-gateway", "message": "Health check passed", "trace_id": "xyz999zyx000", "duration_ms": 1123, "host": "api-gateway-pod-5"}
{"timestamp": "2026-04-01T10:51:22+00:00", "level": "INFO", "service": "log-ingester", "message": "File uploaded successfully", "trace_id": "qrs444tuv555", "duration_ms": 354, "host": "log-ingester-pod-1"}
{"timestamp": "2026-04-01T10:54:22+00:00", "level": "DEBUG", "service": "log-ingester", "message": "Received heartbeat", "trace_id": "abc123def456", "duration_ms": 1149, "host": "log-ingester-pod-4"}
{"timestamp": "2026-04-01T10:56:30+00:00", "level": "INFO", "service": "log-ingester", "message": "Health check passed", "trace_id": "fed987cba321", "duration_ms": 1071, "host": "log-ingester-pod-2"}
{"timestamp": "2026-04-01T11:00:10+00:00", "level": "ERROR", "service": "scheduler", "message": "Timeout waiting for upstream", "trace_id": "xyz999zyx000", "host": "scheduler-pod-4"}
{"timestamp": "2026-04-01T11:02:22+00:00", "level": "INFO", "service": "log-ingester", "message": "Config reloaded", "trace_id": "xyz999zyx000", "duration_ms": 333, "host": "log-ingester-pod-4"}
{"timestamp": "2026-04-01T11:05:31+00:00", "level": "ERROR", "service": "notification-svc", "message": "Authentication failed: invalid token", "trace_id": "qrs444tuv555", "host": "notification-svc-pod-3"}
{"timestamp": "2026-04-01T11:08:03+00:00", "level": "INFO", "service": "notification-svc", "message": "Cache hit", "trace_id": "xyz999zyx000", "duration_ms": 627, "host": "notification-svc-pod-4"}
{"timestamp": "2026-04-01T11:10:54+00:00", "level": "INFO", "service": "auth-service", "message": "User authenticated", "trace_id": "111aaa222bbb", "duration_ms": 1791, "host": "auth-service-pod-3"}
{"timestamp": "2026-04-01T11:14:21+00:00", "level": "INFO", "service": "search-engine", "message": "Request completed", "trace_id": "xyz999zyx000", "duration_ms": 924, "host": "search-engine-pod-5"}
{"timestamp": "2026-04-01T11:17:30+00:00", "level": "DEBUG", "service": "log-ingester", "message": "Parsing log line", "trace_id": "xyz999zyx000", "duration_ms": 34, "host": "log-ingester-pod-3"}
{"timestamp": "2026-04-01T11:19:32+00:00", "level": "INFO", "service": "search-engine", "message": "Health check passed", "trace_id": "xyz999zyx000", "duration_ms": 1134, "host": "search-engine-pod-4"}
{"timestamp": "2026-04-01T11:22:24+00:00", "level": "DEBUG", "service": "api-gateway", "message": "Connection pool size: 10", "trace_id": "111aaa222bbb", "duration_ms": 202, "host": "api-gateway-pod-1"}
{"timestamp": "2026-04-01T11:25:13+00:00", "level": "INFO", "service": "scheduler", "message": "Cache hit", "trace_id": "fed987cba321", "duration_ms": 1429, "host": "scheduler-pod-3"}
{"timestamp": "2026-04-01T11:28:07+00:00", "level": "ERROR", "service": "storage-service", "message": "Unexpected nil pointer", "trace_id": "111aaa222bbb", "host": "storage-service-pod-1"}
{"timestamp": "2026-04-01T11:30:59+00:00", "level": "INFO", "service": "scheduler", "message": "Search query executed", "trace_id": "xyz999zyx000", "duration_ms": 1069, "host": "scheduler-pod-5"}
{"timestamp": "2026-04-01T11:34:20+00:00", "level": "INFO", "service": "storage-service", "message": "Config reloaded", "trace_id": "qrs444tuv555", "duration_ms": 84, "host": "storage-service-pod-1"}
{"timestamp": "2026-04-01T11:36:39+00:00", "level": "INFO", "service": "notification-svc", "message": "Log batch ingested", "trace_id": "xyz999zyx000", "duration_ms": 1628, "host": "notification-svc-pod-5"}
{"timestamp": "2026-04-01T11:40:04+00:00", "level": "INFO", "service": "log-ingester", "message": "File uploaded successfully", "trace_id": "fed987cba321", "duration_ms": 12, "host": "log-ingester-pod-1"}
{"timestamp": "2026-04-01T11:42:56+00:00", "level": "DEBUG", "service": "log-ingester", "message": "Token validated", "trace_id": "qrs444tuv555", "duration_ms": 1189, "host": "log-ingester-pod-3"}
{"timestamp": "2026-04-01T11:45:21+00:00", "level": "INFO", "service": "scheduler", "message": "Health check passed", "trace_id": "fed987cba321", "duration_ms": 1831, "host": "scheduler-pod-1"}
{"timestamp": "2026-04-01T11:48:46+00:00", "level": "DEBUG", "service": "log-ingester", "message": "Received heartbeat", "trace_id": "fed987cba321", "duration_ms": 902, "host": "log-ingester-pod-2"}
{"timestamp": "2026-04-01T11:51:42+00:00", "level": "DEBUG", "service": "search-engine", "message": "Received heartbeat", "trace_id": "xyz999zyx000", "duration_ms": 1583, "host": "search-engine-pod-5"}
{"timestamp": "2026-04-01T11:53:49+00:00", "level": "INFO", "service": "scheduler", "message": "Config reloaded", "trace_id": "abc123def456", "duration_ms": 1807, "host": "scheduler-pod-5"}
{"timestamp": "2026-04-01T11:56:52+00:00", "level": "ERROR", "service": "notification-svc", "message": "File not found", "trace_id": "abc123def456", "host": "notification-svc-pod-1"}
{"timestamp": "2026-04-01T11:59:58+00:00", "level": "ERROR", "service": "log-ingester", "message": "File not found", "trace_id": "qrs444tuv555", "host": "log-ingester-pod-2"}
{"timestamp": "2026-04-01T12:02:48+00:00", "level": "ERROR", "service": "auth-service", "message": "Timeout waiting for upstream", "trace_id": "xyz999zyx000", "host": "auth-service-pod-1"}
{"timestamp": "2026-04-01T12:06:02+00:00", "level": "ERROR", "service": "api-gateway", "message": "Unexpected nil pointer", "trace_id": "qrs444tuv555", "host": "api-gateway-pod-3"}
{"timestamp": "2026-04-01T12:08:14+00:00", "level": "DEBUG", "service": "notification-svc", "message": "Connection pool size: 10", "trace_id": "qrs444tuv555", "duration_ms": 890, "host": "notification-svc-pod-4"}
{"timestamp": "2026-04-01T12:11:14+00:00", "level": "INFO", "service": "search-engine", "message": "Log batch ingested", "trace_id": "fed987cba321", "duration_ms": 1555, "host": "search-engine-pod-4"}
{"timestamp": "2026-04-01T12:13:55+00:00", "level": "ERROR", "service": "scheduler", "message": "Timeout waiting for upstream", "trace_id": "fed987cba321", "host": "scheduler-pod-4"}
{"timestamp": "2026-04-01T12:16:44+00:00", "level": "DEBUG", "service": "search-engine", "message": "Parsing log line", "trace_id": "abc123def456", "duration_ms": 683, "host": "search-engine-pod-1"}
{"timestamp": "2026-04-01T12:20:13+00:00", "level": "INFO", "service": "storage-service", "message": "Cache hit", "trace_id": "111aaa222bbb", "duration_ms": 102, "host": "storage-service-pod-4"}
{"timestamp": "2026-04-01T12:22:38+00:00", "level": "WARN", "service": "api-gateway", "message": "Rate limit approaching", "trace_id": "abc123def456", "duration_ms": 939, "host": "api-gateway-pod-5"}
{"timestamp": "2026-04-01T12:25:55+00:00", "level": "INFO", "service": "storage-service", "message": "Search query executed", "trace_id": "fed987cba321", "duration_ms": 1321, "host": "storage-service-pod-5"}
{"timestamp": "2026-04-01T12:28:47+00:00", "level": "INFO", "service": "storage-service", "message": "File uploaded successfully", "trace_id": "qrs444tuv555", "duration_ms": 1785, "host": "storage-service-pod-4"}
{"timestamp": "2026-04-01T12:31:15+00:00", "level": "INFO", "service": "scheduler", "message": "File uploaded successfully", "trace_id": "qrs444tuv555", "duration_ms": 406, "host": "scheduler-pod-3"}
{"timestamp": "2026-04-01T12:34:45+00:00", "level": "INFO", "service": "scheduler", "message": "Request completed", "trace_id": "111aaa222bbb", "duration_ms": 949, "host": "scheduler-pod-2"}
{"timestamp": "2026-04-01T12:37:03+00:00", "level": "INFO", "service": "scheduler", "message": "File uploaded successfully", "trace_id": "abc123def456", "duration_ms": 1897, "host": "scheduler-pod-1"}
{"timestamp": "2026-04-01T12:40:30+00:00", "level": "INFO", "service": "notification-svc", "message": "Connection established", "trace_id": "abc123def456", "duration_ms": 1882, "host": "notification-svc-pod-4"}
{"timestamp": "2026-04-01T12:43:17+00:00", "level": "INFO", "service": "auth-service", "message": "File uploaded successfully", "trace_id": "qrs444tuv555", "duration_ms": 1350, "host": "auth-service-pod-2"}
{"timestamp": "2026-04-01T12:45:31+00:00", "level": "ERROR", "service": "search-engine", "message": "Failed to parse log entry", "trace_id": "qrs444tuv555", "host": "search-engine-pod-5"}
{"timestamp": "2026-04-01T12:48:36+00:00", "level": "INFO", "service": "notification-svc", "message": "Log batch ingested", "trace_id": "xyz999zyx000", "duration_ms": 30, "host": "notification-svc-pod-2"}
{"timestamp": "2026-04-01T12:51:33+00:00", "level": "INFO", "service": "storage-service", "message": "File uploaded successfully", "trace_id": "xyz999zyx000", "duration_ms": 1560, "host": "storage-service-pod-1"}
{"timestamp": "2026-04-01T12:54:08+00:00", "level": "WARN", "service": "auth-service", "message": "Disk usage >80%", "trace_id": "xyz999zyx000", "duration_ms": 208, "host": "auth-service-pod-3"}
{"timestamp": "2026-04-01T12:57:39+00:00", "level": "INFO", "service": "search-engine", "message": "Connection established", "trace_id": "qrs444tuv555", "duration_ms": 937, "host": "search-engine-pod-2"}
{"timestamp": "2026-04-01T12:59:59+00:00", "level": "DEBUG", "service": "search-engine", "message": "Token validated", "trace_id": "xyz999zyx000", "duration_ms": 1091, "host": "search-engine-pod-2"}
{"timestamp": "2026-04-01T13:03:28+00:00", "level": "INFO", "service": "api-gateway", "message": "File uploaded successfully", "trace_id": "abc123def456", "duration_ms": 170, "host": "api-gateway-pod-2"}
{"timestamp": "2026-04-01T13:05:50+00:00", "level": "WARN", "service": "api-gateway", "message": "Retry attempt 1/3", "trace_id": "xyz999zyx000", "duration_ms": 1099, "host": "api-gateway-pod-5"}
{"timestamp": "2026-04-01T13:09:11+00:00", "level": "WARN", "service": "api-gateway", "message": "Retry attempt 1/3", "trace_id": "qrs444tuv555", "duration_ms": 835, "host": "api-gateway-pod-4"}
{"timestamp": "2026-04-01T13:12:01+00:00", "level": "ERROR", "service": "search-engine", "message": "Failed to parse log entry", "trace_id": "qrs444tuv555", "host": "search-engine-pod-5"}
{"timestamp": "2026-04-01T13:14:33+00:00", "level": "ERROR", "service": "api-gateway", "message": "Timeout waiting for upstream", "trace_id": "qrs444tuv555", "host": "api-gateway-pod-1"}
{"timestamp": "2026-04-01T13:16:59+00:00", "level": "INFO", "service": "scheduler", "message": "Health check passed", "trace_id": "qrs444tuv555", "duration_ms": 1166, "host": "scheduler-pod-4"}
{"timestamp": "2026-04-01T13:20:46+00:00", "level": "DEBUG", "service": "log-ingester", "message": "Processing request body", "trace_id": "xyz999zyx000", "duration_ms": 1680, "host": "log-ingester-pod-1"}
{"timestamp": "2026-04-01T13:23:28+00:00", "level": "INFO", "service": "search-engine", "message": "Config reloaded", "trace_id": "abc123def456", "duration_ms": 172, "host": "search-engine-pod-1"}
{"timestamp": "2026-04-01T13:26:24+00:00", "level": "INFO", "service": "api-gateway", "message": "Request completed", "trace_id": "fed987cba321", "duration_ms": 1243, "host": "api-gateway-pod-4"}
{"timestamp": "2026-04-01T13:29:06+00:00", "level": "INFO", "service": "search-engine", "message": "User authenticated", "trace_id": "fed987cba321", "duration_ms": 1956, "host": "search-engine-pod-3"}
{"timestamp": "2026-04-01T13:31:49+00:00", "level": "WARN", "service": "api-gateway", "message": "Deprecated API endpoint called", "trace_id": "qrs444tuv555", "duration_ms": 1643, "host": "api-gateway-pod-4"}
{"timestamp": "2026-04-01T13:34:50+00:00", "level": "DEBUG", "service": "storage-service", "message": "Token validated", "trace_id": "xyz999zyx000", "duration_ms": 1465, "host": "storage-service-pod-3"}
{"timestamp": "2026-04-01T13:37:57+00:00", "level": "INFO", "service": "log-ingester", "message": "Search query executed", "trace_id": "111aaa222bbb", "duration_ms": 640, "host": "log-ingester-pod-4"}
{"timestamp": "2026-04-01T13:40:07+00:00", "level": "WARN", "service": "api-gateway", "message": "Deprecated API endpoint called", "trace_id": "111aaa222bbb", "duration_ms": 145, "host": "api-gateway-pod-5"}
{"timestamp": "2026-04-01T13:43:27+00:00", "level": "INFO", "service": "log-ingester", "message": "Request completed", "trace_id": "fed987cba321", "duration_ms": 1144, "host": "log-ingester-pod-2"}
{"timestamp": "2026-04-01T13:46:23+00:00", "level": "INFO", "service": "notification-svc", "message": "Health check passed", "trace_id": "qrs444tuv555", "duration_ms": 109, "host": "notification-svc-pod-5"}
{"timestamp": "2026-04-01T13:48:32+00:00", "level": "DEBUG", "service": "log-ingester", "message": "Parsing log line", "trace_id": "qrs444tuv555", "duration_ms": 598, "host": "log-ingester-pod-5"}
{"timestamp": "2026-04-01T13:51:50+00:00", "level": "INFO", "service": "log-ingester", "message": "Request completed", "trace_id": "abc123def456", "duration_ms": 1617, "host": "log-ingester-pod-2"}
{"timestamp": "2026-04-01T13:54:44+00:00", "level": "ERROR", "service": "notification-svc", "message": "Authentication failed: invalid token", "trace_id": "111aaa222bbb", "host": "notification-svc-pod-4"}
{"timestamp": "2026-04-01T13:57:51+00:00", "level": "DEBUG", "service": "api-gateway", "message": "Token validated", "trace_id": "111aaa222bbb", "duration_ms": 469, "host": "api-gateway-pod-5"}
{"timestamp": "2026-04-01T14:00:43+00:00", "level": "INFO", "service": "scheduler", "message": "Cache hit", "trace_id": "abc123def456", "duration_ms": 121, "host": "scheduler-pod-4"}
{"timestamp": "2026-04-01T14:02:50+00:00", "level": "INFO", "service": "scheduler", "message": "User authenticated", "trace_id": "qrs444tuv555", "duration_ms": 137, "host": "scheduler-pod-1"}
{"timestamp": "2026-04-01T14:06:10+00:00", "level": "INFO", "service": "api-gateway", "message": "Cache hit", "trace_id": "xyz999zyx000", "duration_ms": 1311, "host": "api-gateway-pod-1"}
{"timestamp": "2026-04-01T14:09:15+00:00", "level": "INFO", "service": "search-engine", "message": "Connection established", "trace_id": "111aaa222bbb", "duration_ms": 1123, "host": "search-engine-pod-5"}
{"timestamp": "2026-04-01T14:12:19+00:00", "level": "ERROR", "service": "api-gateway", "message": "Authentication failed: invalid token", "trace_id": "qrs444tuv555", "host": "api-gateway-pod-5"}
{"timestamp": "2026-04-01T14:15:16+00:00", "level": "INFO", "service": "search-engine", "message": "Log batch ingested", "trace_id": "abc123def456", "duration_ms": 576, "host": "search-engine-pod-4"}
{"timestamp": "2026-04-01T14:18:06+00:00", "level": "INFO", "service": "log-ingester", "message": "Cache hit", "trace_id": "111aaa222bbb", "duration_ms": 1476, "host": "log-ingester-pod-4"}
{"timestamp": "2026-04-01T14:20:16+00:00", "level": "INFO", "service": "scheduler", "message": "Search query executed", "trace_id": "abc123def456", "duration_ms": 1493, "host": "scheduler-pod-1"}
{"timestamp": "2026-04-01T14:22:57+00:00", "level": "WARN", "service": "storage-service", "message": "High memory usage: 85%", "trace_id": "abc123def456", "duration_ms": 1110, "host": "storage-service-pod-2"}
{"timestamp": "2026-04-01T14:26:12+00:00", "level": "INFO", "service": "log-ingester", "message": "Connection established", "trace_id": "111aaa222bbb", "duration_ms": 273, "host": "log-ingester-pod-4"}
{"timestamp": "2026-04-01T14:28:55+00:00", "level": "DEBUG", "service": "api-gateway", "message": "Parsing log line", "trace_id": "abc123def456", "duration_ms": 38, "host": "api-gateway-pod-5"}
{"timestamp": "2026-04-01T14:32:04+00:00", "level": "ERROR", "service": "auth-service", "message": "Unexpected nil pointer", "trace_id": "xyz999zyx000", "host": "auth-service-pod-3"}
{"timestamp": "2026-04-01T14:34:32+00:00", "level": "INFO", "service": "storage-service", "message": "Connection established", "trace_id": "111aaa222bbb", "duration_ms": 1417, "host": "storage-service-pod-4"}
{"timestamp": "2026-04-01T14:37:12+00:00", "level": "INFO", "service": "storage-service", "message": "Connection established", "trace_id": "qrs444tuv555", "duration_ms": 535, "host": "storage-service-pod-1"}
{"timestamp": "2026-04-01T14:40:45+00:00", "level": "ERROR", "service": "storage-service", "message": "Authentication failed: invalid token", "trace_id": "abc123def456", "host": "storage-service-pod-4"}
{"timestamp": "2026-04-01T14:43:42+00:00", "level": "DEBUG", "service": "storage-service", "message": "Received heartbeat", "trace_id": "xyz999zyx000", "duration_ms": 464, "host": "storage-service-pod-4"}
{"timestamp": "2026-04-01T14:46:05+00:00", "level": "WARN", "service": "api-gateway", "message": "Deprecated API endpoint called", "trace_id": "qrs444tuv555", "duration_ms": 827, "host": "api-gateway-pod-2"}
{"timestamp": "2026-04-01T14:49:25+00:00", "level": "WARN", "service": "notification-svc", "message": "Rate limit approaching", "trace_id": "xyz999zyx000", "duration_ms": 1143, "host": "notification-svc-pod-1"}
{"timestamp": "2026-04-01T14:52:23+00:00", "level": "INFO", "service": "storage-service", "message": "Config reloaded", "trace_id": "111aaa222bbb", "duration_ms": 458, "host": "storage-service-pod-1"}
{"timestamp": "2026-04-01T14:54:56+00:00", "level": "DEBUG", "service": "auth-service", "message": "Parsing log line", "trace_id": "abc123def456", "duration_ms": 1463, "host": "auth-service-pod-4"}
{"timestamp": "2026-04-01T14:57:45+00:00", "level": "DEBUG", "service": "notification-svc", "message": "Token validated", "trace_id": "111aaa222bbb", "duration_ms": 510, "host": "notification-svc-pod-4"}
{"timestamp": "2026-04-01T15:00:14+00:00", "level": "WARN", "service": "notification-svc", "message": "Slow query detected (>500ms)", "trace_id": "xyz999zyx000", "duration_ms": 665, "host": "notification-svc-pod-4"}
{"timestamp": "2026-04-01T15:03:27+00:00", "level": "INFO", "service": "storage-service", "message": "Connection established", "trace_id": "abc123def456", "duration_ms": 1740, "host": "storage-service-pod-5"}
{"timestamp": "2026-04-01T15:06:08+00:00", "level": "ERROR", "service": "notification-svc", "message": "Unexpected nil pointer", "trace_id": "xyz999zyx000", "host": "notification-svc-pod-5"}
{"timestamp": "2026-04-01T15:09:06+00:00", "level": "ERROR", "service": "log-ingester", "message": "Failed to parse log entry", "trace_id": "fed987cba321", "host": "log-ingester-pod-4"}
{"timestamp": "2026-04-01T15:11:47+00:00", "level": "INFO", "service": "log-ingester", "message": "Connection established", "trace_id": "qrs444tuv555", "duration_ms": 874, "host": "log-ingester-pod-4"}
{"timestamp": "2026-04-01T15:14:51+00:00", "level": "INFO", "service": "log-ingester", "message": "Log batch ingested", "trace_id": "xyz999zyx000", "duration_ms": 856, "host": "log-ingester-pod-1"}
{"timestamp": "2026-04-01T15:18:07+00:00", "level": "INFO", "service": "notification-svc", "message": "Cache hit", "trace_id": "fed987cba321", "duration_ms": 1484, "host": "notification-svc-pod-1"}
{"timestamp": "2026-04-01T15:20:16+00:00", "level": "ERROR", "service": "notification-svc", "message": "File not found", "trace_id": "111aaa222bbb", "host": "notification-svc-pod-3"}
{"timestamp": "2026-04-01T15:23:25+00:00", "level": "DEBUG", "service": "auth-service", "message": "Received heartbeat", "trace_id": "111aaa222bbb", "duration_ms": 117, "host": "auth-service-pod-5"}
{"timestamp": "2026-04-01T15:26:48+00:00", "level": "ERROR", "service": "search-engine", "message": "Failed to parse log entry", "trace_id": "qrs444tuv555", "host": "search-engine-pod-3"}
{"timestamp": "2026-04-01T15:29:36+00:00", "level": "INFO", "service": "storage-service", "message": "User authenticated", "trace_id": "xyz999zyx000", "duration_ms": 1866, "host": "storage-service-pod-5"}
{"timestamp": "2026-04-01T15:31:59+00:00", "level": "INFO", "service": "log-ingester", "message": "Connection established", "trace_id": "111aaa222bbb", "duration_ms": 1441, "host": "log-ingester-pod-5"}
{"timestamp": "2026-04-01T15:34:36+00:00", "level": "DEBUG", "service": "api-gateway", "message": "Processing request body", "trace_id": "fed987cba321", "duration_ms": 345, "host": "api-gateway-pod-5"}
{"timestamp": "2026-04-01T15:38:15+00:00", "level": "INFO", "service": "search-engine", "message": "Log batch ingested", "trace_id": "111aaa222bbb", "duration_ms": 623, "host": "search-engine-pod-1"}
{"timestamp": "2026-04-01T15:40:52+00:00", "level": "INFO", "service": "log-ingester", "message": "Request completed", "trace_id": "111aaa222bbb", "duration_ms": 429, "host": "log-ingester-pod-3"}
{"timestamp": "2026-04-01T15:43:42+00:00", "level": "DEBUG", "service": "auth-service", "message": "Parsing log line", "trace_id": "xyz999zyx000", "duration_ms": 1631, "host": "auth-service-pod-4"}
{"timestamp": "2026-04-01T15:46:41+00:00", "level": "WARN", "service": "log-ingester", "message": "Deprecated API endpoint called", "trace_id": "fed987cba321", "duration_ms": 185, "host": "log-ingester-pod-4"}
{"timestamp": "2026-04-01T15:49:19+00:00", "level": "INFO", "service": "api-gateway", "message": "Cache hit", "trace_id": "qrs444tuv555", "duration_ms": 1319, "host": "api-gateway-pod-4"}
{"timestamp": "2026-04-01T15:52:04+00:00", "level": "INFO", "service": "auth-service", "message": "File uploaded successfully", "trace_id": "qrs444tuv555", "duration_ms": 941, "host": "auth-service-pod-5"}
{"timestamp": "2026-04-01T15:55:08+00:00", "level": "WARN", "service": "notification-svc", "message": "Deprecated API endpoint called", "trace_id": "111aaa222bbb", "duration_ms": 1043, "host": "notification-svc-pod-5"}
{"timestamp": "2026-04-01T15:57:30+00:00", "level": "INFO", "service": "auth-service", "message": "Search query executed", "trace_id": "fed987cba321", "duration_ms": 1619, "host": "auth-service-pod-1"}
{"timestamp": "2026-04-01T16:01:17+00:00", "level": "INFO", "service": "storage-service", "message": "Search query executed", "trace_id": "xyz999zyx000", "duration_ms": 1583, "host": "storage-service-pod-1"}
{"timestamp": "2026-04-01T16:04:06+00:00", "level": "ERROR", "service": "storage-service", "message": "Timeout waiting for upstream", "trace_id": "111aaa222bbb", "host": "storage-service-pod-2"}
{"timestamp": "2026-04-01T16:07:03+00:00", "level": "INFO", "service": "auth-service", "message": "Request completed", "trace_id": "fed987cba321", "duration_ms": 1753, "host": "auth-service-pod-3"}
{"timestamp": "2026-04-01T16:09:46+00:00", "level": "INFO", "service": "notification-svc", "message": "Config reloaded", "trace_id": "xyz999zyx000", "duration_ms": 824, "host": "notification-svc-pod-4"}
{"timestamp": "2026-04-01T16:11:51+00:00", "level": "INFO", "service": "auth-service", "message": "Log batch ingested", "trace_id": "abc123def456", "duration_ms": 1834, "host": "auth-service-pod-2"}
{"timestamp": "2026-04-01T16:15:11+00:00", "level": "INFO", "service": "api-gateway", "message": "Log batch ingested", "trace_id": "fed987cba321", "duration_ms": 550, "host": "api-gateway-pod-1"}
{"timestamp": "2026-04-01T16:18:25+00:00", "level": "DEBUG", "service": "notification-svc", "message": "Cache miss, fetching from DB", "trace_id": "qrs444tuv555", "duration_ms": 726, "host": "notification-svc-pod-3"}
{"timestamp": "2026-04-01T16:21:00+00:00", "level": "INFO", "service": "auth-service", "message": "Request completed", "trace_id": "fed987cba321", "duration_ms": 1711, "host": "auth-service-pod-4"}
{"timestamp": "2026-04-01T16:23:41+00:00", "level": "INFO", "service": "api-gateway", "message": "Request completed", "trace_id": "abc123def456", "duration_ms": 480, "host": "api-gateway-pod-2"}
{"timestamp": "2026-04-01T16:26:57+00:00", "level": "WARN", "service": "search-engine", "message": "Deprecated API endpoint called", "trace_id": "qrs444tuv555", "duration_ms": 1025, "host": "search-engine-pod-1"}
{"timestamp": "2026-04-01T16:29:56+00:00", "level": "INFO", "service": "api-gateway", "message": "Connection established", "trace_id": "qrs444tuv555", "duration_ms": 1477, "host": "api-gateway-pod-2"}
{"timestamp": "2026-04-01T16:31:55+00:00", "level": "DEBUG", "service": "auth-service", "message": "Processing request body", "trace_id": "qrs444tuv555", "duration_ms": 1708, "host": "auth-service-pod-1"}
{"timestamp": "2026-04-01T16:35:40+00:00", "level": "INFO", "service": "search-engine", "message": "Config reloaded", "trace_id": "fed987cba321", "duration_ms": 557, "host": "search-engine-pod-1"}
{"timestamp": "2026-04-01T16:38:07+00:00", "level": "INFO", "service": "notification-svc", "message": "Request completed", "trace_id": "fed987cba321", "duration_ms": 1777, "host": "notification-svc-pod-4"}
{"timestamp": "2026-04-01T16:41:07+00:00", "level": "WARN", "service": "auth-service", "message": "Slow query detected (>500ms)", "trace_id": "abc123def456", "duration_ms": 1103, "host": "auth-service-pod-5"}
{"timestamp": "2026-04-01T16:44:05+00:00", "level": "INFO", "service": "scheduler", "message": "Config reloaded", "trace_id": "111aaa222bbb", "duration_ms": 259, "host": "scheduler-pod-5"}
{"timestamp": "2026-04-01T16:46:25+00:00", "level": "WARN", "service": "scheduler", "message": "Rate limit approaching", "trace_id": "xyz999zyx000", "duration_ms": 1798, "host": "scheduler-pod-3"}
{"timestamp": "2026-04-01T16:49:11+00:00", "level": "DEBUG", "service": "log-ingester", "message": "Processing request body", "trace_id": "fed987cba321", "duration_ms": 312, "host": "log-ingester-pod-4"}
{"timestamp": "2026-04-01T16:52:07+00:00", "level": "ERROR", "service": "search-engine", "message": "Authentication failed: invalid token", "trace_id": "qrs444tuv555", "host": "search-engine-pod-4"}
{"timestamp": "2026-04-01T16:55:20+00:00", "level": "DEBUG", "service": "storage-service", "message": "Token validated", "trace_id": "qrs444tuv555", "duration_ms": 1224, "host": "storage-service-pod-3"}
{"timestamp": "2026-04-01T16:57:47+00:00", "level": "INFO", "service": "storage-service", "message": "Health check passed", "trace_id": "fed987cba321", "duration_ms": 380, "host": "storage-service-pod-3"}
{"timestamp": "2026-04-01T17:01:31+00:00", "level": "INFO", "service": "scheduler", "message": "Request completed", "trace_id": "qrs444tuv555", "duration_ms": 1651, "host": "scheduler-pod-3"}
{"timestamp": "2026-04-01T17:04:10+00:00", "level": "DEBUG", "service": "scheduler", "message": "Processing request body", "trace_id": "qrs444tuv555", "duration_ms": 1269, "host": "scheduler-pod-4"}
{"timestamp": "2026-04-01T17:06:26+00:00", "level": "DEBUG", "service": "auth-service", "message": "Cache miss, fetching from DB", "trace_id": "fed987cba321", "duration_ms": 1827, "host": "auth-service-pod-5"}
{"timestamp": "2026-04-01T17:09:58+00:00", "level": "DEBUG", "service": "auth-service", "message": "Received heartbeat", "trace_id": "qrs444tuv555", "duration_ms": 889, "host": "auth-service-pod-2"}
{"timestamp": "2026-04-01T17:12:13+00:00", "level": "WARN", "service": "scheduler", "message": "Slow query detected (>500ms)", "trace_id": "xyz999zyx000", "duration_ms": 8, "host": "scheduler-pod-3"}
{"timestamp": "2026-04-01T17:15:09+00:00", "level": "INFO", "service": "log-ingester", "message": "Request completed", "trace_id": "111aaa222bbb", "duration_ms": 533, "host": "log-ingester-pod-4"}
{"timestamp": "2026-04-01T17:18:29+00:00", "level": "INFO", "service": "api-gateway", "message": "Search query executed", "trace_id": "abc123def456", "duration_ms": 1040, "host": "api-gateway-pod-5"}
{"timestamp": "2026-04-01T17:21:02+00:00", "level": "DEBUG", "service": "notification-svc", "message": "Processing request body", "trace_id": "qrs444tuv555", "duration_ms": 1940, "host": "notification-svc-pod-4"}
{"timestamp": "2026-04-01T17:24:28+00:00", "level": "INFO", "service": "api-gateway", "message": "Search query executed", "trace_id": "fed987cba321", "duration_ms": 1818, "host": "api-gateway-pod-1"}
{"timestamp": "2026-04-01T17:26:32+00:00", "level": "INFO", "service": "api-gateway", "message": "Request completed", "trace_id": "xyz999zyx000", "duration_ms": 1636, "host": "api-gateway-pod-2"}
{"timestamp": "2026-04-01T17:29:48+00:00", "level": "INFO", "service": "auth-service", "message": "Log batch ingested", "trace_id": "111aaa222bbb", "duration_ms": 682, "host": "auth-service-pod-1"}
{"timestamp": "2026-04-01T17:32:53+00:00", "level": "ERROR", "service": "auth-service", "message": "File not found", "trace_id": "abc123def456", "host": "auth-service-pod-5"}
{"timestamp": "2026-04-01T17:35:52+00:00", "level": "INFO", "service": "search-engine", "message": "Config reloaded", "trace_id": "xyz999zyx000", "duration_ms": 1169, "host": "search-engine-pod-5"}
{"timestamp": "2026-04-01T17:38:43+00:00", "level": "INFO", "service": "notification-svc", "message": "User authenticated", "trace_id": "xyz999zyx000", "duration_ms": 1864, "host": "notification-svc-pod-1"}
{"timestamp": "2026-04-01T17:40:43+00:00", "level": "INFO", "service": "api-gateway", "message": "User authenticated", "trace_id": "fed987cba321", "duration_ms": 1094, "host": "api-gateway-pod-5"}
{"timestamp": "2026-04-01T17:44:19+00:00", "level": "INFO", "service": "api-gateway", "message": "Log batch ingested", "trace_id": "111aaa222bbb", "duration_ms": 1506, "host": "api-gateway-pod-3"}
{"timestamp": "2026-04-01T17:47:13+00:00", "level": "ERROR", "service": "auth-service", "message": "File not found", "trace_id": "qrs444tuv555", "host": "auth-service-pod-4"}
{"timestamp": "2026-04-01T17:50:07+00:00", "level": "INFO", "service": "notification-svc", "message": "Health check passed", "trace_id": "fed987cba321", "duration_ms": 1395, "host": "notification-svc-pod-5"}
{"timestamp": "2026-04-01T17:52:52+00:00", "level": "DEBUG", "service": "notification-svc", "message": "Received heartbeat", "trace_id": "qrs444tuv555", "duration_ms": 1132, "host": "notification-svc-pod-1"}
{"timestamp": "2026-04-01T17:55:41+00:00", "level": "INFO", "service": "api-gateway", "message": "User authenticated", "trace_id": "qrs444tuv555", "duration_ms": 1748, "host": "api-gateway-pod-4"}
{"timestamp": "2026-04-01T17:58:46+00:00", "level": "DEBUG", "service": "search-engine", "message": "Cache miss, fetching from DB", "trace_id": "abc123def456", "duration_ms": 375, "host": "search-engine-pod-1"}
{"timestamp": "2026-04-01T18:00:45+00:00", "level": "INFO", "service": "search-engine", "message": "File uploaded successfully", "trace_id": "fed987cba321", "duration_ms": 831, "host": "search-engine-pod-1"}
{"timestamp": "2026-04-01T18:04:02+00:00", "level": "INFO", "service": "log-ingester", "message": "File uploaded successfully", "trace_id": "abc123def456", "duration_ms": 197, "host": "log-ingester-pod-1"}
{"timestamp": "2026-04-01T18:07:19+00:00", "level": "INFO", "service": "search-engine", "message": "User authenticated", "trace_id": "111aaa222bbb", "duration_ms": 757, "host": "search-engine-pod-5"}
{"timestamp": "2026-04-01T18:09:44+00:00", "level": "INFO", "service": "storage-service", "message": "Connection established", "trace_id": "fed987cba321", "duration_ms": 1704, "host": "storage-service-pod-2"}
{"timestamp": "2026-04-01T18:12:28+00:00", "level": "DEBUG", "service": "auth-service", "message": "Connection pool size: 10", "trace_id": "xyz999zyx000", "duration_ms": 987, "host": "auth-service-pod-4"}
{"timestamp": "2026-04-01T18:15:42+00:00", "level": "INFO", "service": "api-gateway", "message": "Cache hit", "trace_id": "111aaa222bbb", "duration_ms": 350, "host": "api-gateway-pod-4"}
{"timestamp": "2026-04-01T18:18:49+00:00", "level": "ERROR", "service": "api-gateway", "message": "Authentication failed: invalid token", "trace_id": "abc123def456", "host": "api-gateway-pod-2"}
{"timestamp": "2026-04-01T18:20:48+00:00", "level": "WARN", "service": "storage-service", "message": "Disk usage >80%", "trace_id": "abc123def456", "duration_ms": 1542, "host": "storage-service-pod-3"}
{"timestamp": "2026-04-01T18:24:36+00:00", "level": "INFO", "service": "storage-service", "message": "Connection established", "trace_id": "fed987cba321", "duration_ms": 1224, "host": "storage-service-pod-5"}
{"timestamp": "2026-04-01T18:26:54+00:00", "level": "INFO", "service": "api-gateway", "message": "Health check passed", "trace_id": "xyz999zyx000", "duration_ms": 1579, "host": "api-gateway-pod-5"}
{"timestamp": "2026-04-01T18:30:15+00:00", "level": "INFO", "service": "auth-service", "message": "Config reloaded", "trace_id": "111aaa222bbb", "duration_ms": 823, "host": "auth-service-pod-3"}
{"timestamp": "2026-04-01T18:32:35+00:00", "level": "INFO", "service": "storage-service", "message": "File uploaded successfully", "trace_id": "qrs444tuv555", "duration_ms": 1130, "host": "storage-service-pod-5"}
{"timestamp": "2026-04-01T18:35:52+00:00", "level": "DEBUG", "service": "auth-service", "message": "Connection pool size: 10", "trace_id": "abc123def456", "duration_ms": 1583, "host": "auth-service-pod-2"}
{"timestamp": "2026-04-01T18:38:33+00:00", "level": "WARN", "service": "scheduler", "message": "Deprecated API endpoint called", "trace_id": "xyz999zyx000", "duration_ms": 1654, "host": "scheduler-pod-2"}
{"timestamp": "2026-04-01T18:41:08+00:00", "level": "INFO", "service": "notification-svc", "message": "File uploaded successfully", "trace_id": "xyz999zyx000", "duration_ms": 212, "host": "notification-svc-pod-4"}
{"timestamp": "2026-04-01T18:43:59+00:00", "level": "DEBUG", "service": "notification-svc", "message": "Received heartbeat", "trace_id": "111aaa222bbb", "duration_ms": 98, "host": "notification-svc-pod-1"}
{"timestamp": "2026-04-01T18:47:34+00:00", "level": "INFO", "service": "storage-service", "message": "Health check passed", "trace_id": "xyz999zyx000", "duration_ms": 1806, "host": "storage-service-pod-4"}
{"timestamp": "2026-04-01T18:50:25+00:00", "level": "DEBUG", "service": "api-gateway", "message": "Cache miss, fetching from DB", "trace_id": "qrs444tuv555", "duration_ms": 1757, "host": "api-gateway-pod-3"}
{"timestamp": "2026-04-01T18:53:03+00:00", "level": "INFO", "service": "auth-service", "message": "Connection established", "trace_id": "qrs444tuv555", "duration_ms": 645, "host": "auth-service-pod-1"}
{"timestamp": "2026-04-01T18:55:44+00:00", "level": "INFO", "service": "storage-service", "message": "User authenticated", "trace_id": "111aaa222bbb", "duration_ms": 895, "host": "storage-service-pod-5"}
{"timestamp": "2026-04-01T18:58:23+00:00", "level": "WARN", "service": "log-ingester", "message": "Deprecated API endpoint called", "trace_id": "fed987cba321", "duration_ms": 1756, "host": "log-ingester-pod-2"}
{"timestamp": "2026-04-01T19:01:02+00:00", "level": "INFO", "service": "auth-service", "message": "User authenticated", "trace_id": "111aaa222bbb", "duration_ms": 1630, "host": "auth-service-pod-1"}
{"timestamp": "2026-04-01T19:04:03+00:00", "level": "WARN", "service": "notification-svc", "message": "Disk usage >80%", "trace_id": "abc123def456", "duration_ms": 217, "host": "notification-svc-pod-2"}
{"timestamp": "2026-04-01T19:07:23+00:00", "level": "INFO", "service": "notification-svc", "message": "Health check passed", "trace_id": "qrs444tuv555", "duration_ms": 1017, "host": "notification-svc-pod-2"}
{"timestamp": "2026-04-01T19:09:50+00:00", "level": "WARN", "service": "log-ingester", "message": "Slow query detected (>500ms)", "trace_id": "fed987cba321", "duration_ms": 1100, "host": "log-ingester-pod-3"}
{"timestamp": "2026-04-01T19:12:52+00:00", "level": "DEBUG", "service": "api-gateway", "message": "Parsing log line", "trace_id": "qrs444tuv555", "duration_ms": 129, "host": "api-gateway-pod-3"}
{"timestamp": "2026-04-01T19:15:52+00:00", "level": "ERROR", "service": "search-engine", "message": "Timeout waiting for upstream", "trace_id": "fed987cba321", "host": "search-engine-pod-3"}
{"timestamp": "2026-04-01T19:18:45+00:00", "level": "INFO", "service": "search-engine", "message": "User authenticated", "trace_id": "abc123def456", "duration_ms": 1974, "host": "search-engine-pod-4"}
{"timestamp": "2026-04-01T19:21:01+00:00", "level": "INFO", "service": "notification-svc", "message": "Connection established", "trace_id": "xyz999zyx000", "duration_ms": 574, "host": "notification-svc-pod-4"}
{"timestamp": "2026-04-01T19:24:30+00:00", "level": "DEBUG", "service": "storage-service", "message": "Cache miss, fetching from DB", "trace_id": "abc123def456", "duration_ms": 62, "host": "storage-service-pod-2"}
{"timestamp": "2026-04-01T19:27:41+00:00", "level": "INFO", "service": "search-engine", "message": "Cache hit", "trace_id": "111aaa222bbb", "duration_ms": 545, "host": "search-engine-pod-4"}
{"timestamp": "2026-04-01T19:29:52+00:00", "level": "DEBUG", "service": "notification-svc", "message": "Token validated", "trace_id": "xyz999zyx000", "duration_ms": 987, "host": "notification-svc-pod-2"}
{"timestamp": "2026-04-01T19:32:56+00:00", "level": "ERROR", "service": "scheduler", "message": "Database connection failed", "trace_id": "xyz999zyx000", "host": "scheduler-pod-2"}
{"timestamp": "2026-04-01T19:35:46+00:00", "level": "DEBUG", "service": "notification-svc", "message": "Connection pool size: 10", "trace_id": "fed987cba321", "duration_ms": 1968, "host": "notification-svc-pod-3"}
{"timestamp": "2026-04-01T19:38:59+00:00", "level": "INFO", "service": "auth-service", "message": "Cache hit", "trace_id": "xyz999zyx000", "duration_ms": 1963, "host": "auth-service-pod-4"}
{"timestamp": "2026-04-01T19:41:41+00:00", "level": "DEBUG", "service": "api-gateway", "message": "Connection pool size: 10", "trace_id": "qrs444tuv555", "duration_ms": 1733, "host": "api-gateway-pod-4"}
{"timestamp": "2026-04-01T19:44:05+00:00", "level": "INFO", "service": "search-engine", "message": "Connection established", "trace_id": "111aaa222bbb", "duration_ms": 837, "host": "search-engine-pod-2"}
{"timestamp": "2026-04-01T19:47:43+00:00", "level": "DEBUG", "service": "notification-svc", "message": "Received heartbeat", "trace_id": "abc123def456", "duration_ms": 517, "host": "notification-svc-pod-5"}
{"timestamp": "2026-04-01T19:49:51+00:00", "level": "INFO", "service": "api-gateway", "message": "User authenticated", "trace_id": "fed987cba321", "duration_ms": 900, "host": "api-gateway-pod-3"}
{"timestamp": "2026-04-01T19:52:39+00:00", "level": "INFO", "service": "storage-service", "message": "Health check passed", "trace_id": "abc123def456", "duration_ms": 4, "host": "storage-service-pod-3"}
{"timestamp": "2026-04-01T19:55:59+00:00", "level": "INFO", "service": "storage-service", "message": "Request completed", "trace_id": "abc123def456", "duration_ms": 1753, "host": "storage-service-pod-3"}
{"timestamp": "2026-04-01T19:58:51+00:00", "level": "INFO", "service": "scheduler", "message": "Request completed", "trace_id": "abc123def456", "duration_ms": 1521, "host": "scheduler-pod-2"}
{"timestamp": "2026-04-01T20:01:22+00:00", "level": "INFO", "service": "scheduler", "message": "Search query executed", "trace_id": "xyz999zyx000", "duration_ms": 904, "host": "scheduler-pod-2"}
{"timestamp": "2026-04-01T20:05:00+00:00", "level": "WARN", "service": "search-engine", "message": "Deprecated API endpoint called", "trace_id": "fed987cba321", "duration_ms": 1191, "host": "search-engine-pod-3"}
{"timestamp": "2026-04-01T20:07:02+00:00", "level": "INFO", "service": "search-engine", "message": "Search query executed", "trace_id": "qrs444tuv555", "duration_ms": 1885, "host": "search-engine-pod-3"}
{"timestamp": "2026-04-01T20:10:32+00:00", "level": "INFO", "service": "storage-service", "message": "Request completed", "trace_id": "xyz999zyx000", "duration_ms": 1373, "host": "storage-service-pod-2"}
{"timestamp": "2026-04-01T20:13:28+00:00", "level": "INFO", "service": "log-ingester", "message": "Connection established", "trace_id": "111aaa222bbb", "duration_ms": 861, "host": "log-ingester-pod-3"}
{"timestamp": "2026-04-01T20:16:08+00:00", "level": "INFO", "service": "api-gateway", "message": "User authenticated", "trace_id": "abc123def456", "duration_ms": 936, "host": "api-gateway-pod-5"}
{"timestamp": "2026-04-01T20:19:16+00:00", "level": "INFO", "service": "api-gateway", "message": "Log batch ingested", "trace_id": "abc123def456", "duration_ms": 1492, "host": "api-gateway-pod-5"}
{"timestamp": "2026-04-01T20:21:55+00:00", "level": "INFO", "service": "log-ingester", "message": "Cache hit", "trace_id": "fed987cba321", "duration_ms": 1395, "host": "log-ingester-pod-5"}
{"timestamp": "2026-04-01T20:24:25+00:00", "level": "INFO", "service": "notification-svc", "message": "Request completed", "trace_id": "111aaa222bbb", "duration_ms": 745, "host": "notification-svc-pod-1"}
{"timestamp": "2026-04-01T20:27:56+00:00", "level": "INFO", "service": "api-gateway", "message": "Search query executed", "trace_id": "abc123def456", "duration_ms": 1851, "host": "api-gateway-pod-4"}
{"timestamp": "2026-04-01T20:30:41+00:00", "level": "ERROR", "service": "scheduler", "message": "Authentication failed: invalid token", "trace_id": "111aaa222bbb", "host": "scheduler-pod-1"}
{"timestamp": "2026-04-01T20:33:07+00:00", "level": "INFO", "service": "search-engine", "message": "Connection established", "trace_id": "xyz999zyx000", "duration_ms": 817, "host": "search-engine-pod-4"}
{"timestamp": "2026-04-01T20:35:50+00:00", "level": "INFO", "service": "log-ingester", "message": "Connection established", "trace_id": "abc123def456", "duration_ms": 231, "host": "log-ingester-pod-5"}
{"timestamp": "2026-04-01T20:39:11+00:00", "level": "DEBUG", "service": "api-gateway", "message": "Processing request body", "trace_id": "fed987cba321", "duration_ms": 642, "host": "api-gateway-pod-1"}
{"timestamp": "2026-04-01T20:42:16+00:00", "level": "ERROR", "service": "scheduler", "message": "Failed to parse log entry", "trace_id": "xyz999zyx000", "host": "scheduler-pod-2"}
{"timestamp": "2026-04-01T20:45:01+00:00", "level": "INFO", "service": "log-ingester", "message": "Config reloaded", "trace_id": "xyz999zyx000", "duration_ms": 958, "host": "log-ingester-pod-3"}
{"timestamp": "2026-04-01T20:47:31+00:00", "level": "INFO", "service": "notification-svc", "message": "Connection established", "trace_id": "qrs444tuv555", "duration_ms": 1578, "host": "notification-svc-pod-5"}
{"timestamp": "2026-04-01T20:50:51+00:00", "level": "ERROR", "service": "log-ingester", "message": "File not found", "trace_id": "xyz999zyx000", "host": "log-ingester-pod-4"}
{"timestamp": "2026-04-01T20:53:18+00:00", "level": "WARN", "service": "log-ingester", "message": "Disk usage >80%", "trace_id": "xyz999zyx000", "duration_ms": 1404, "host": "log-ingester-pod-2"}
{"timestamp": "2026-04-01T20:55:51+00:00", "level": "INFO", "service": "log-ingester", "message": "Search query executed", "trace_id": "qrs444tuv555", "duration_ms": 957, "host": "log-ingester-pod-1"}
{"timestamp": "2026-04-01T20:58:50+00:00", "level": "INFO", "service": "api-gateway", "message": "Cache hit", "trace_id": "abc123def456", "duration_ms": 642, "host": "api-gateway-pod-2"}
{"timestamp": "2026-04-01T21:02:03+00:00", "level": "DEBUG", "service": "search-engine", "message": "Cache miss, fetching from DB", "trace_id": "abc123def456", "duration_ms": 1081, "host": "search-engine-pod-3"}
{"timestamp": "2026-04-01T21:04:45+00:00", "level": "DEBUG", "service": "api-gateway", "message": "Cache miss, fetching from DB", "trace_id": "abc123def456", "duration_ms": 662, "host": "api-gateway-pod-5"}
{"timestamp": "2026-04-01T21:07:09+00:00", "level": "DEBUG", "service": "storage-service", "message": "Received heartbeat", "trace_id": "fed987cba321", "duration_ms": 268, "host": "storage-service-pod-1"}
{"timestamp": "2026-04-01T21:10:20+00:00", "level": "DEBUG", "service": "log-ingester", "message": "Received heartbeat", "trace_id": "111aaa222bbb", "duration_ms": 345, "host": "log-ingester-pod-1"}
{"timestamp": "2026-04-01T21:13:35+00:00", "level": "INFO", "service": "search-engine", "message": "User authenticated", "trace_id": "qrs444tuv555", "duration_ms": 1701, "host": "search-engine-pod-5"}
{"timestamp": "2026-04-01T21:15:46+00:00", "level": "DEBUG", "service": "search-engine", "message": "Parsing log line", "trace_id": "111aaa222bbb", "duration_ms": 1405, "host": "search-engine-pod-2"}
{"timestamp": "2026-04-01T21:18:43+00:00", "level": "DEBUG", "service": "notification-svc", "message": "Received heartbeat", "trace_id": "xyz999zyx000", "duration_ms": 1205, "host": "notification-svc-pod-1"}
{"timestamp": "2026-04-01T21:21:51+00:00", "level": "INFO", "service": "scheduler", "message": "File uploaded successfully", "trace_id": "abc123def456", "duration_ms": 768, "host": "scheduler-pod-4"}
{"timestamp": "2026-04-01T21:24:53+00:00", "level": "INFO", "service": "search-engine", "message": "Log batch ingested", "trace_id": "abc123def456", "duration_ms": 610, "host": "search-engine-pod-5"}
{"timestamp": "2026-04-01T21:27:12+00:00", "level": "INFO", "service": "search-engine", "message": "Cache hit", "trace_id": "qrs444tuv555", "duration_ms": 1106, "host": "search-engine-pod-3"}
{"timestamp": "2026-04-01T21:30:06+00:00", "level": "INFO", "service": "search-engine", "message": "Connection established", "trace_id": "qrs444tuv555", "duration_ms": 697, "host": "search-engine-pod-3"}
{"timestamp": "2026-04-01T21:33:30+00:00", "level": "INFO", "service": "notification-svc", "message": "Config reloaded", "trace_id": "111aaa222bbb", "duration_ms": 1831, "host": "notification-svc-pod-4"}
{"timestamp": "2026-04-01T21:36:11+00:00", "level": "INFO", "service": "scheduler", "message": "Cache hit", "trace_id": "111aaa222bbb", "duration_ms": 1006, "host": "scheduler-pod-5"}
{"timestamp": "2026-04-01T21:39:08+00:00", "level": "WARN", "service": "notification-svc", "message": "Retry attempt 1/3", "trace_id": "fed987cba321", "duration_ms": 236, "host": "notification-svc-pod-1"}
{"timestamp": "2026-04-01T21:42:18+00:00", "level": "ERROR", "service": "storage-service", "message": "Failed to parse log entry", "trace_id": "xyz999zyx000", "host": "storage-service-pod-3"}
{"timestamp": "2026-04-01T21:44:33+00:00", "level": "INFO", "service": "scheduler", "message": "Cache hit", "trace_id": "fed987cba321", "duration_ms": 864, "host": "scheduler-pod-1"}
{"timestamp": "2026-04-01T21:47:37+00:00", "level": "WARN", "service": "auth-service", "message": "Deprecated API endpoint called", "trace_id": "abc123def456", "duration_ms": 1135, "host": "auth-service-pod-1"}
{"timestamp": "2026-04-01T21:50:18+00:00", "level": "INFO", "service": "log-ingester", "message": "Cache hit", "trace_id": "fed987cba321", "duration_ms": 1332, "host": "log-ingester-pod-5"}
{"timestamp": "2026-04-01T21:53:44+00:00", "level": "INFO", "service": "notification-svc", "message": "Cache hit", "trace_id": "abc123def456", "duration_ms": 1242, "host": "notification-svc-pod-1"}
{"timestamp": "2026-04-01T21:56:32+00:00", "level": "INFO", "service": "scheduler", "message": "Config reloaded", "trace_id": "111aaa222bbb", "duration_ms": 198, "host": "scheduler-pod-2"}
{"timestamp": "2026-04-01T21:59:19+00:00", "level": "INFO", "service": "search-engine", "message": "Search query executed", "trace_id": "111aaa222bbb", "duration_ms": 104, "host": "search-engine-pod-4"}
{"timestamp": "2026-04-01T22:01:56+00:00", "level": "INFO", "service": "search-engine", "message": "Request completed", "trace_id": "fed987cba321", "duration_ms": 778, "host": "search-engine-pod-2"}
{"timestamp": "2026-04-01T22:04:50+00:00", "level": "INFO", "service": "storage-service", "message": "Connection established", "trace_id": "qrs444tuv555", "duration_ms": 1278, "host": "storage-service-pod-1"}
{"timestamp": "2026-04-01T22:07:26+00:00", "level": "INFO", "service": "log-ingester", "message": "Log batch ingested", "trace_id": "111aaa222bbb", "duration_ms": 168, "host": "log-ingester-pod-5"}
{"timestamp": "2026-04-01T22:10:46+00:00", "level": "INFO", "service": "notification-svc", "message": "Cache hit", "trace_id": "111aaa222bbb", "duration_ms": 1607, "host": "notification-svc-pod-1"}
{"timestamp": "2026-04-01T22:13:31+00:00", "level": "ERROR", "service": "scheduler", "message": "Authentication failed: invalid token", "trace_id": "fed987cba321", "host": "scheduler-pod-4"}
{"timestamp": "2026-04-01T22:16:32+00:00", "level": "INFO", "service": "scheduler", "message": "Health check passed", "trace_id": "qrs444tuv555", "duration_ms": 1450, "host": "scheduler-pod-4"}
{"timestamp": "2026-04-01T22:19:31+00:00", "level": "INFO", "service": "log-ingester", "message": "Request completed", "trace_id": "111aaa222bbb", "duration_ms": 1607, "host": "log-ingester-pod-5"}
{"timestamp": "2026-04-01T22:22:24+00:00", "level": "WARN", "service": "search-engine", "message": "High memory usage: 85%", "trace_id": "qrs444tuv555", "duration_ms": 722, "host": "search-engine-pod-1"}
{"timestamp": "2026-04-01T22:24:39+00:00", "level": "DEBUG", "service": "api-gateway", "message": "Received heartbeat", "trace_id": "abc123def456", "duration_ms": 1330, "host": "api-gateway-pod-5"}
{"timestamp": "2026-04-01T22:28:14+00:00", "level": "DEBUG", "service": "api-gateway", "message": "Token validated", "trace_id": "qrs444tuv555", "duration_ms": 90, "host": "api-gateway-pod-5"}
{"timestamp": "2026-04-01T22:30:34+00:00", "level": "INFO", "service": "log-ingester", "message": "Connection established", "trace_id": "111aaa222bbb", "duration_ms": 1536, "host": "log-ingester-pod-4"}
{"timestamp": "2026-04-01T22:33:56+00:00", "level": "INFO", "service": "storage-service", "message": "User authenticated", "trace_id": "qrs444tuv555", "duration_ms": 1660, "host": "storage-service-pod-1"}
{"timestamp": "2026-04-01T22:36:44+00:00", "level": "WARN", "service": "auth-service", "message": "Rate limit approaching", "trace_id": "qrs444tuv555", "duration_ms": 121, "host": "auth-service-pod-2"}
{"timestamp": "2026-04-01T22:39:11+00:00", "level": "ERROR", "service": "notification-svc", "message": "File not found", "trace_id": "abc123def456", "host": "notification-svc-pod-2"}
{"timestamp": "2026-04-01T22:42:17+00:00", "level": "ERROR", "service": "api-gateway", "message": "Failed to parse log entry", "trace_id": "xyz999zyx000", "host": "api-gateway-pod-3"}
{"timestamp": "2026-04-01T22:44:52+00:00", "level": "DEBUG", "service": "scheduler", "message": "Received heartbeat", "trace_id": "fed987cba321", "duration_ms": 224, "host": "scheduler-pod-4"}
{"timestamp": "2026-04-01T22:47:53+00:00", "level": "INFO", "service": "log-ingester", "message": "Request completed", "trace_id": "qrs444tuv555", "duration_ms": 1965, "host": "log-ingester-pod-4"}
{"timestamp": "2026-04-01T22:50:53+00:00", "level": "DEBUG", "service": "search-engine", "message": "Processing request body", "trace_id": "fed987cba321", "duration_ms": 1397, "host": "search-engine-pod-2"}
{"timestamp": "2026-04-01T22:53:29+00:00", "level": "DEBUG", "service": "api-gateway", "message": "Parsing log line", "trace_id": "xyz999zyx000", "duration_ms": 704, "host": "api-gateway-pod-5"}
{"timestamp": "2026-04-01T22:56:53+00:00", "level": "INFO", "service": "scheduler", "message": "Request completed", "trace_id": "qrs444tuv555", "duration_ms": 1225, "host": "scheduler-pod-3"}
{"timestamp": "2026-04-01T22:59:39+00:00", "level": "INFO", "service": "scheduler", "message": "User authenticated", "trace_id": "abc123def456", "duration_ms": 1131, "host": "scheduler-pod-5"}
{"timestamp": "2026-04-01T23:02:21+00:00", "level": "INFO", "service": "scheduler", "message": "Search query executed", "trace_id": "fed987cba321", "duration_ms": 1034, "host": "scheduler-pod-3"}
{"timestamp": "2026-04-01T23:05:21+00:00", "level": "DEBUG", "service": "api-gateway", "message": "Processing request body", "trace_id": "qrs444tuv555", "duration_ms": 1795, "host": "api-gateway-pod-1"}
{"timestamp": "2026-04-01T23:07:57+00:00", "level": "DEBUG", "service": "search-engine", "message": "Processing request body", "trace_id": "xyz999zyx000", "duration_ms": 1796, "host": "search-engine-pod-5"}
{"timestamp": "2026-04-01T23:10:42+00:00", "level": "ERROR", "service": "storage-service", "message": "File not found", "trace_id": "fed987cba321", "host": "storage-service-pod-1"}
{"timestamp": "2026-04-01T23:14:10+00:00", "level": "ERROR", "service": "api-gateway", "message": "Database connection failed", "trace_id": "111aaa222bbb", "host": "api-gateway-pod-1"}
{"timestamp": "2026-04-01T23:16:49+00:00", "level": "INFO", "service": "search-engine", "message": "Search query executed", "trace_id": "qrs444tuv555", "duration_ms": 1111, "host": "search-engine-pod-2"}
{"timestamp": "2026-04-01T23:19:03+00:00", "level": "INFO", "service": "log-ingester", "message": "Health check passed", "trace_id": "qrs444tuv555", "duration_ms": 1558, "host": "log-ingester-pod-4"}
{"timestamp": "2026-04-01T23:21:53+00:00", "level": "WARN", "service": "storage-service", "message": "Disk usage >80%", "trace_id": "fed987cba321", "duration_ms": 710, "host": "storage-service-pod-5"}
{"timestamp": "2026-04-01T23:25:01+00:00", "level": "ERROR", "service": "storage-service", "message": "Unexpected nil pointer", "trace_id": "qrs444tuv555", "host": "storage-service-pod-1"}
{"timestamp": "2026-04-01T23:28:32+00:00", "level": "ERROR", "service": "api-gateway", "message": "Database connection failed", "trace_id": "111aaa222bbb", "host": "api-gateway-pod-4"}
{"timestamp": "2026-04-01T23:30:41+00:00", "level": "INFO", "service": "notification-svc", "message": "Log batch ingested", "trace_id": "qrs444tuv555", "duration_ms": 378, "host": "notification-svc-pod-1"}
{"timestamp": "2026-04-01T23:33:58+00:00", "level": "INFO", "service": "notification-svc", "message": "Search query executed", "trace_id": "fed987cba321", "duration_ms": 970, "host": "notification-svc-pod-1"}
{"timestamp": "2026-04-01T23:36:56+00:00", "level": "INFO", "service": "auth-service", "message": "Cache hit", "trace_id": "qrs444tuv555", "duration_ms": 1488, "host": "auth-service-pod-4"}
{"timestamp": "2026-04-01T23:39:06+00:00", "level": "DEBUG", "service": "api-gateway", "message": "Token validated", "trace_id": "qrs444tuv555", "duration_ms": 523, "host": "api-gateway-pod-4"}
{"timestamp": "2026-04-01T23:41:52+00:00", "level": "INFO", "service": "search-engine", "message": "Health check passed", "trace_id": "qrs444tuv555", "duration_ms": 650, "host": "search-engine-pod-5"}
{"timestamp": "2026-04-01T23:44:44+00:00", "level": "WARN", "service": "storage-service", "message": "Rate limit approaching", "trace_id": "111aaa222bbb", "duration_ms": 1236, "host": "storage-service-pod-2"}
{"timestamp": "2026-04-01T23:48:08+00:00", "level": "INFO", "service": "scheduler", "message": "Config reloaded", "trace_id": "xyz999zyx000", "duration_ms": 18, "host": "scheduler-pod-4"}
{"timestamp": "2026-04-01T23:51:19+00:00", "level": "INFO", "service": "api-gateway", "message": "User authenticated", "trace_id": "111aaa222bbb", "duration_ms": 1483, "host": "api-gateway-pod-4"}
